0 info it worked if it ends with ok
1 verbose cli [ '/usr/local/bin/node', '/usr/local/bin/npm', 'install' ]
2 info using npm@6.14.10
3 info using node@v14.15.4
4 verbose config Skipping project config: /home/shufflehubot/.npmrc. (matches userconfig)
5 verbose npm-session 58e283a7824631af
6 silly install runPreinstallTopLevelLifecycles
7 silly preinstall shufflehubot@0.0.0
8 info lifecycle shufflehubot@0.0.0~preinstall: shufflehubot@0.0.0
9 silly install loadCurrentTree
10 silly install readLocalPackageData
11 timing stage:loadCurrentTree Completed in 453ms
12 silly install loadIdealTree
13 silly install cloneCurrentTreeToIdealTree
14 timing stage:loadIdealTree:cloneCurrentTree Completed in 2ms
15 silly install loadShrinkwrap
16 timing stage:loadIdealTree:loadShrinkwrap Completed in 106ms
17 silly install loadAllDepsIntoIdealTree
18 timing stage:loadIdealTree:loadAllDepsIntoIdealTree Completed in 149ms
19 timing stage:loadIdealTree Completed in 292ms
20 silly currentTree shufflehubot@0.0.0
20 silly currentTree ├─┬ @slack/client
20 silly currentTree │ └── async@1.5.2
20 silly currentTree ├── accepts@1.3.7
20 silly currentTree ├── agent-base@4.3.0
20 silly currentTree ├── ansi-regex@2.1.1
20 silly currentTree ├── ansi-styles@2.2.1
20 silly currentTree ├── array-flatten@1.1.1
20 silly currentTree ├── assert-plus@1.0.0
20 silly currentTree ├── async@0.9.2
20 silly currentTree ├── asynckit@0.4.0
20 silly currentTree ├── aws-sign2@0.7.0
20 silly currentTree ├── aws4@1.11.0
20 silly currentTree ├── bluebird@3.7.2
20 silly currentTree ├─┬ body-parser
20 silly currentTree │ ├── http-errors@1.7.2
20 silly currentTree │ ├── inherits@2.0.3
20 silly currentTree │ └── qs@6.7.0
20 silly currentTree ├── bytes@3.1.0
20 silly currentTree ├── caseless@0.12.0
20 silly currentTree ├── chalk@1.1.3
20 silly currentTree ├── cline@0.8.2
20 silly currentTree ├── coffeescript@1.6.3
20 silly currentTree ├── colors@1.0.3
20 silly currentTree ├── combined-stream@1.0.8
20 silly currentTree ├─┬ content-disposition@0.5.3
20 silly currentTree │ └── safe-buffer@5.1.2
20 silly currentTree ├── content-type@1.0.4
20 silly currentTree ├── cookie-signature@1.0.6
20 silly currentTree ├── cookie@0.4.0
20 silly currentTree ├── core-util-is@1.0.2
20 silly currentTree ├── cycle@1.0.3
20 silly currentTree ├── dashdash@1.14.1
20 silly currentTree ├── debug@2.6.9
20 silly currentTree ├── delayed-stream@1.0.0
20 silly currentTree ├── depd@1.1.2
20 silly currentTree ├── destroy@1.0.4
20 silly currentTree ├── double-ended-queue@2.1.0-0
20 silly currentTree ├── ee-first@1.1.1
20 silly currentTree ├── encodeurl@1.0.2
20 silly currentTree ├── es6-promise@4.2.8
20 silly currentTree ├── es6-promisify@5.0.0
20 silly currentTree ├── escape-html@1.0.3
20 silly currentTree ├── escape-string-regexp@1.0.5
20 silly currentTree ├── etag@1.8.1
20 silly currentTree ├── eventemitter3@1.2.0
20 silly currentTree ├── extend@3.0.2
20 silly currentTree ├── extsprintf@1.3.0
20 silly currentTree ├── eyes@0.1.8
20 silly currentTree ├── fast-deep-equal@3.1.3
20 silly currentTree ├── fast-json-stable-stringify@2.1.0
20 silly currentTree ├── forever-agent@0.6.1
20 silly currentTree ├── form-data@2.3.3
20 silly currentTree ├── forwarded@0.2.0
20 silly currentTree ├── fresh@0.5.2
20 silly currentTree ├── getpass@0.1.7
20 silly currentTree ├── har-schema@2.0.0
20 silly currentTree ├── has-ansi@2.0.0
20 silly currentTree ├── http-errors@1.7.3
20 silly currentTree ├── http-signature
20 silly currentTree ├─┬ https-proxy-agent@2.2.4
20 silly currentTree │ ├── debug@3.2.7
20 silly currentTree │ └── ms@2.1.3
20 silly currentTree ├─┬ hubot
20 silly currentTree │ ├── qs@6.7.0
20 silly currentTree │ └── safe-buffer@5.1.2
20 silly currentTree ├── hubot-diagnostics
20 silly currentTree ├── hubot-google-images
20 silly currentTree ├── hubot-google-translate
20 silly currentTree ├── hubot-help
20 silly currentTree ├── hubot-heroku-keepalive
20 silly currentTree ├── hubot-maps
20 silly currentTree ├── hubot-pugme
20 silly currentTree ├── hubot-redis-brain
20 silly currentTree ├── hubot-rules
20 silly currentTree ├─┬ hubot-scripts
20 silly currentTree │ └── redis@0.8.4
20 silly currentTree ├── hubot-shipit
20 silly currentTree ├── hubot-slack
20 silly currentTree ├── iconv-lite@0.4.24
20 silly currentTree ├── inherits@2.0.4
20 silly currentTree ├── ipaddr.js@1.9.1
20 silly currentTree ├── is-typedarray@1.0.0
20 silly currentTree ├── isstream@0.1.2
20 silly currentTree ├── jsbn@0.1.1
20 silly currentTree ├── json-schema-traverse@0.4.1
20 silly currentTree ├── json-schema@0.2.3
20 silly currentTree ├── json-stringify-safe@5.0.1
20 silly currentTree ├── lodash@4.17.21
20 silly currentTree ├── log@1.4.0
20 silly currentTree ├── media-typer@0.3.0
20 silly currentTree ├── merge-descriptors@1.0.1
20 silly currentTree ├── methods@1.1.2
20 silly currentTree ├── mime-db@1.49.0
20 silly currentTree ├── mime-types@2.1.32
20 silly currentTree ├── mime@1.6.0
20 silly currentTree ├── ms@2.0.0
20 silly currentTree ├─┬ multiparty
20 silly currentTree │ ├── http-errors@1.8.0
20 silly currentTree │ └── setprototypeof@1.2.0
20 silly currentTree ├── negotiator@0.6.2
20 silly currentTree ├── oauth-sign@0.9.0
20 silly currentTree ├── on-finished@2.3.0
20 silly currentTree ├── options@0.0.6
20 silly currentTree ├── optparse@1.0.4
20 silly currentTree ├── parseurl@1.3.3
20 silly currentTree ├── path-to-regexp@0.1.7
20 silly currentTree ├── performance-now@2.1.0
20 silly currentTree ├── pkginfo@0.4.1
20 silly currentTree ├── proxy-addr@2.0.7
20 silly currentTree ├── psl@1.8.0
20 silly currentTree ├── punycode@2.1.1
20 silly currentTree ├── qs@6.5.2
20 silly currentTree ├── random-bytes@1.0.0
20 silly currentTree ├── range-parser@1.2.1
20 silly currentTree ├─┬ raw-body
20 silly currentTree │ ├── http-errors@1.7.2
20 silly currentTree │ └── inherits@2.0.3
20 silly currentTree ├── redis-commands@1.7.0
20 silly currentTree ├── redis-parser@2.6.0
20 silly currentTree ├── redis@2.8.0
20 silly currentTree ├── request
20 silly currentTree ├── retry@0.9.0
20 silly currentTree ├── safe-buffer@5.2.1
20 silly currentTree ├── safer-buffer@2.1.2
20 silly currentTree ├── scoped-http-client@0.11.0
20 silly currentTree ├─┬ send@0.17.1
20 silly currentTree │ └── ms@2.1.1
20 silly currentTree ├── serve-static@1.14.1
20 silly currentTree ├── setprototypeof@1.1.1
20 silly currentTree ├── stack-trace@0.0.10
20 silly currentTree ├── statuses@1.5.0
20 silly currentTree ├── strip-ansi@3.0.1
20 silly currentTree ├── supports-color@2.0.0
20 silly currentTree ├── toidentifier@1.0.0
20 silly currentTree ├── tough-cookie@2.5.0
20 silly currentTree └── tunnel-agent@0.6.0
21 silly idealTree shufflehubot@0.0.0
21 silly idealTree ├─┬ @slack/client@3.16.1-sec.2
21 silly idealTree │ └── async@1.5.2
21 silly idealTree ├── accepts@1.3.7
21 silly idealTree ├── agent-base@4.3.0
21 silly idealTree ├── ajv@6.12.6
21 silly idealTree ├── ansi-regex@2.1.1
21 silly idealTree ├── ansi-styles@2.2.1
21 silly idealTree ├── array-flatten@1.1.1
21 silly idealTree ├── asn1@0.2.4
21 silly idealTree ├── assert-plus@1.0.0
21 silly idealTree ├── async@0.9.2
21 silly idealTree ├── asynckit@0.4.0
21 silly idealTree ├── aws-sign2@0.7.0
21 silly idealTree ├── aws4@1.11.0
21 silly idealTree ├── bcrypt-pbkdf@1.0.2
21 silly idealTree ├── bluebird@3.7.2
21 silly idealTree ├─┬ body-parser@1.19.0
21 silly idealTree │ ├── http-errors@1.7.2
21 silly idealTree │ ├── inherits@2.0.3
21 silly idealTree │ └── qs@6.7.0
21 silly idealTree ├── bytes@3.1.0
21 silly idealTree ├── caseless@0.12.0
21 silly idealTree ├── chalk@1.1.3
21 silly idealTree ├── cline@0.8.2
21 silly idealTree ├── coffeescript@1.6.3
21 silly idealTree ├── colors@1.0.3
21 silly idealTree ├── combined-stream@1.0.8
21 silly idealTree ├── connect-multiparty@2.2.0
21 silly idealTree ├─┬ content-disposition@0.5.3
21 silly idealTree │ └── safe-buffer@5.1.2
21 silly idealTree ├── content-type@1.0.4
21 silly idealTree ├── cookie-signature@1.0.6
21 silly idealTree ├── cookie@0.4.0
21 silly idealTree ├── core-util-is@1.0.2
21 silly idealTree ├── cycle@1.0.3
21 silly idealTree ├── dashdash@1.14.1
21 silly idealTree ├── debug@2.6.9
21 silly idealTree ├── delayed-stream@1.0.0
21 silly idealTree ├── depd@1.1.2
21 silly idealTree ├── destroy@1.0.4
21 silly idealTree ├── double-ended-queue@2.1.0-0
21 silly idealTree ├── ecc-jsbn@0.1.2
21 silly idealTree ├── ee-first@1.1.1
21 silly idealTree ├── encodeurl@1.0.2
21 silly idealTree ├── es6-promise@4.2.8
21 silly idealTree ├── es6-promisify@5.0.0
21 silly idealTree ├── escape-html@1.0.3
21 silly idealTree ├── escape-string-regexp@1.0.5
21 silly idealTree ├── etag@1.8.1
21 silly idealTree ├── eventemitter3@1.2.0
21 silly idealTree ├── extend@3.0.2
21 silly idealTree ├── extsprintf@1.3.0
21 silly idealTree ├── eyes@0.1.8
21 silly idealTree ├── fast-deep-equal@3.1.3
21 silly idealTree ├── fast-json-stable-stringify@2.1.0
21 silly idealTree ├── finalhandler@1.1.2
21 silly idealTree ├── forever-agent@0.6.1
21 silly idealTree ├── form-data@2.3.3
21 silly idealTree ├── forwarded@0.2.0
21 silly idealTree ├── fresh@0.5.2
21 silly idealTree ├── getpass@0.1.7
21 silly idealTree ├── har-schema@2.0.0
21 silly idealTree ├── har-validator@5.1.5
21 silly idealTree ├── has-ansi@2.0.0
21 silly idealTree ├── http-errors@1.7.3
21 silly idealTree ├── http-signature@1.2.0
21 silly idealTree ├─┬ https-proxy-agent@2.2.4
21 silly idealTree │ ├── debug@3.2.7
21 silly idealTree │ └── ms@2.1.3
21 silly idealTree ├── hubot-diagnostics@1.0.0
21 silly idealTree ├── hubot-google-images@0.2.7
21 silly idealTree ├── hubot-google-translate@0.2.1
21 silly idealTree ├── hubot-help@1.0.1
21 silly idealTree ├── hubot-heroku-keepalive@1.0.3
21 silly idealTree ├── hubot-maps@0.0.3
21 silly idealTree ├── hubot-pugme@0.1.1
21 silly idealTree ├── hubot-redis-brain@1.0.0
21 silly idealTree ├── hubot-rules@1.0.0
21 silly idealTree ├─┬ hubot-scripts@2.17.2
21 silly idealTree │ └── redis@0.8.4
21 silly idealTree ├── hubot-shipit@0.2.1
21 silly idealTree ├── hubot-slack@4.9.0
21 silly idealTree ├─┬ hubot@3.3.2
21 silly idealTree │ ├── express@4.17.1
21 silly idealTree │ ├── qs@6.7.0
21 silly idealTree │ └── safe-buffer@5.1.2
21 silly idealTree ├── iconv-lite@0.4.24
21 silly idealTree ├── inherits@2.0.4
21 silly idealTree ├── ipaddr.js@1.9.1
21 silly idealTree ├── is-typedarray@1.0.0
21 silly idealTree ├── isstream@0.1.2
21 silly idealTree ├── jsbn@0.1.1
21 silly idealTree ├── json-schema-traverse@0.4.1
21 silly idealTree ├── json-schema@0.2.3
21 silly idealTree ├── json-stringify-safe@5.0.1
21 silly idealTree ├── jsprim@1.4.1
21 silly idealTree ├── lodash@4.17.21
21 silly idealTree ├── log@1.4.0
21 silly idealTree ├── media-typer@0.3.0
21 silly idealTree ├── merge-descriptors@1.0.1
21 silly idealTree ├── methods@1.1.2
21 silly idealTree ├── mime-db@1.49.0
21 silly idealTree ├── mime-types@2.1.32
21 silly idealTree ├── mime@1.6.0
21 silly idealTree ├── ms@2.0.0
21 silly idealTree ├─┬ multiparty@4.2.2
21 silly idealTree │ ├── http-errors@1.8.0
21 silly idealTree │ └── setprototypeof@1.2.0
21 silly idealTree ├── negotiator@0.6.2
21 silly idealTree ├── oauth-sign@0.9.0
21 silly idealTree ├── on-finished@2.3.0
21 silly idealTree ├── options@0.0.6
21 silly idealTree ├── optparse@1.0.4
21 silly idealTree ├── parseurl@1.3.3
21 silly idealTree ├── path-to-regexp@0.1.7
21 silly idealTree ├── performance-now@2.1.0
21 silly idealTree ├── pkginfo@0.4.1
21 silly idealTree ├── proxy-addr@2.0.7
21 silly idealTree ├── psl@1.8.0
21 silly idealTree ├── punycode@2.1.1
21 silly idealTree ├── qs@6.5.2
21 silly idealTree ├── random-bytes@1.0.0
21 silly idealTree ├── range-parser@1.2.1
21 silly idealTree ├─┬ raw-body@2.4.0
21 silly idealTree │ ├── http-errors@1.7.2
21 silly idealTree │ └── inherits@2.0.3
21 silly idealTree ├── redis-commands@1.7.0
21 silly idealTree ├── redis-parser@2.6.0
21 silly idealTree ├── redis@2.8.0
21 silly idealTree ├── request@2.88.2
21 silly idealTree ├── retry@0.9.0
21 silly idealTree ├── safe-buffer@5.2.1
21 silly idealTree ├── safer-buffer@2.1.2
21 silly idealTree ├── scoped-http-client@0.11.0
21 silly idealTree ├─┬ send@0.17.1
21 silly idealTree │ └── ms@2.1.1
21 silly idealTree ├── serve-static@1.14.1
21 silly idealTree ├── setprototypeof@1.1.1
21 silly idealTree ├── shuffleApp@file:shuffleApp
21 silly idealTree ├── sshpk@1.16.1
21 silly idealTree ├── stack-trace@0.0.10
21 silly idealTree ├── statuses@1.5.0
21 silly idealTree ├── strip-ansi@3.0.1
21 silly idealTree ├── supports-color@2.0.0
21 silly idealTree ├── toidentifier@1.0.0
21 silly idealTree ├── tough-cookie@2.5.0
21 silly idealTree ├── tunnel-agent@0.6.0
21 silly idealTree ├── tweetnacl@0.14.5
21 silly idealTree ├── type-is@1.6.18
21 silly idealTree ├── uid-safe@2.1.5
21 silly idealTree ├── ultron@1.0.2
21 silly idealTree ├── unpipe@1.0.0
21 silly idealTree ├── uri-js@4.4.1
21 silly idealTree ├── url-join@0.0.1
21 silly idealTree ├── utils-merge@1.0.1
21 silly idealTree ├── uuid@3.4.0
21 silly idealTree ├── vary@1.1.2
21 silly idealTree ├── verror@1.10.0
21 silly idealTree ├─┬ winston@2.4.5
21 silly idealTree │ └── async@1.0.0
21 silly idealTree └── ws@1.1.5
22 silly install generateActionsToTake
23 timing stage:generateActionsToTake Completed in 78ms
24 silly diffTrees action count 44
25 silly diffTrees add asn1@0.2.4
26 silly diffTrees add ecc-jsbn@0.1.2
27 silly diffTrees add tweetnacl@0.14.5
28 silly diffTrees add bcrypt-pbkdf@1.0.2
29 silly diffTrees add sshpk@1.16.1
30 silly diffTrees add type-is@1.6.18
31 silly diffTrees add uid-safe@2.1.5
32 silly diffTrees update multiparty@4.2.2
33 silly diffTrees add connect-multiparty@2.2.0
34 silly diffTrees add ultron@1.0.2
35 silly diffTrees add unpipe@1.0.0
36 silly diffTrees add finalhandler@1.1.2
37 silly diffTrees update raw-body@2.4.0
38 silly diffTrees update body-parser@1.19.0
39 silly diffTrees add uri-js@4.4.1
40 silly diffTrees add ajv@6.12.6
41 silly diffTrees add har-validator@5.1.5
42 silly diffTrees add url-join@0.0.1
43 silly diffTrees add utils-merge@1.0.1
44 silly diffTrees add uuid@3.4.0
45 silly diffTrees add vary@1.1.2
46 silly diffTrees add express@4.17.1
47 silly diffTrees add verror@1.10.0
48 silly diffTrees add jsprim@1.4.1
49 silly diffTrees update http-signature@1.2.0
50 silly diffTrees update request@2.88.2
51 silly diffTrees add async@1.0.0
52 silly diffTrees add winston@2.4.5
53 silly diffTrees add ws@1.1.5
54 silly diffTrees update @slack/client@3.16.1-sec.2
55 silly diffTrees update hubot@3.3.2
56 silly diffTrees update hubot-diagnostics@1.0.0
57 silly diffTrees update hubot-google-images@0.2.7
58 silly diffTrees update hubot-google-translate@0.2.1
59 silly diffTrees update hubot-help@1.0.1
60 silly diffTrees update hubot-heroku-keepalive@1.0.3
61 silly diffTrees update hubot-maps@0.0.3
62 silly diffTrees update hubot-pugme@0.1.1
63 silly diffTrees update hubot-redis-brain@1.0.0
64 silly diffTrees update hubot-rules@1.0.0
65 silly diffTrees update hubot-scripts@2.17.2
66 silly diffTrees update hubot-shipit@0.2.1
67 silly diffTrees update hubot-slack@4.9.0
68 silly diffTrees add shuffleApp@file:shuffleApp
69 silly decomposeActions action count 388
70 silly decomposeActions fetch asn1@0.2.4
71 silly decomposeActions extract asn1@0.2.4
72 silly decomposeActions preinstall asn1@0.2.4
73 silly decomposeActions build asn1@0.2.4
74 silly decomposeActions install asn1@0.2.4
75 silly decomposeActions postinstall asn1@0.2.4
76 silly decomposeActions finalize asn1@0.2.4
77 silly decomposeActions refresh-package-json asn1@0.2.4
78 silly decomposeActions fetch ecc-jsbn@0.1.2
79 silly decomposeActions extract ecc-jsbn@0.1.2
80 silly decomposeActions preinstall ecc-jsbn@0.1.2
81 silly decomposeActions build ecc-jsbn@0.1.2
82 silly decomposeActions install ecc-jsbn@0.1.2
83 silly decomposeActions postinstall ecc-jsbn@0.1.2
84 silly decomposeActions finalize ecc-jsbn@0.1.2
85 silly decomposeActions refresh-package-json ecc-jsbn@0.1.2
86 silly decomposeActions fetch tweetnacl@0.14.5
87 silly decomposeActions extract tweetnacl@0.14.5
88 silly decomposeActions preinstall tweetnacl@0.14.5
89 silly decomposeActions build tweetnacl@0.14.5
90 silly decomposeActions install tweetnacl@0.14.5
91 silly decomposeActions postinstall tweetnacl@0.14.5
92 silly decomposeActions finalize tweetnacl@0.14.5
93 silly decomposeActions refresh-package-json tweetnacl@0.14.5
94 silly decomposeActions fetch bcrypt-pbkdf@1.0.2
95 silly decomposeActions extract bcrypt-pbkdf@1.0.2
96 silly decomposeActions preinstall bcrypt-pbkdf@1.0.2
97 silly decomposeActions build bcrypt-pbkdf@1.0.2
98 silly decomposeActions install bcrypt-pbkdf@1.0.2
99 silly decomposeActions postinstall bcrypt-pbkdf@1.0.2
100 silly decomposeActions finalize bcrypt-pbkdf@1.0.2
101 silly decomposeActions refresh-package-json bcrypt-pbkdf@1.0.2
102 silly decomposeActions fetch sshpk@1.16.1
103 silly decomposeActions extract sshpk@1.16.1
104 silly decomposeActions preinstall sshpk@1.16.1
105 silly decomposeActions build sshpk@1.16.1
106 silly decomposeActions install sshpk@1.16.1
107 silly decomposeActions postinstall sshpk@1.16.1
108 silly decomposeActions finalize sshpk@1.16.1
109 silly decomposeActions refresh-package-json sshpk@1.16.1
110 silly decomposeActions fetch type-is@1.6.18
111 silly decomposeActions extract type-is@1.6.18
112 silly decomposeActions preinstall type-is@1.6.18
113 silly decomposeActions build type-is@1.6.18
114 silly decomposeActions install type-is@1.6.18
115 silly decomposeActions postinstall type-is@1.6.18
116 silly decomposeActions finalize type-is@1.6.18
117 silly decomposeActions refresh-package-json type-is@1.6.18
118 silly decomposeActions fetch uid-safe@2.1.5
119 silly decomposeActions extract uid-safe@2.1.5
120 silly decomposeActions preinstall uid-safe@2.1.5
121 silly decomposeActions build uid-safe@2.1.5
122 silly decomposeActions install uid-safe@2.1.5
123 silly decomposeActions postinstall uid-safe@2.1.5
124 silly decomposeActions finalize uid-safe@2.1.5
125 silly decomposeActions refresh-package-json uid-safe@2.1.5
126 silly decomposeActions unbuild multiparty
127 silly decomposeActions remove multiparty
128 silly decomposeActions fetch multiparty@4.2.2
129 silly decomposeActions extract multiparty@4.2.2
130 silly decomposeActions preinstall multiparty@4.2.2
131 silly decomposeActions build multiparty@4.2.2
132 silly decomposeActions install multiparty@4.2.2
133 silly decomposeActions postinstall multiparty@4.2.2
134 silly decomposeActions finalize multiparty@4.2.2
135 silly decomposeActions refresh-package-json multiparty@4.2.2
136 silly decomposeActions fetch connect-multiparty@2.2.0
137 silly decomposeActions extract connect-multiparty@2.2.0
138 silly decomposeActions preinstall connect-multiparty@2.2.0
139 silly decomposeActions build connect-multiparty@2.2.0
140 silly decomposeActions install connect-multiparty@2.2.0
141 silly decomposeActions postinstall connect-multiparty@2.2.0
142 silly decomposeActions finalize connect-multiparty@2.2.0
143 silly decomposeActions refresh-package-json connect-multiparty@2.2.0
144 silly decomposeActions fetch ultron@1.0.2
145 silly decomposeActions extract ultron@1.0.2
146 silly decomposeActions preinstall ultron@1.0.2
147 silly decomposeActions build ultron@1.0.2
148 silly decomposeActions install ultron@1.0.2
149 silly decomposeActions postinstall ultron@1.0.2
150 silly decomposeActions finalize ultron@1.0.2
151 silly decomposeActions refresh-package-json ultron@1.0.2
152 silly decomposeActions fetch unpipe@1.0.0
153 silly decomposeActions extract unpipe@1.0.0
154 silly decomposeActions preinstall unpipe@1.0.0
155 silly decomposeActions build unpipe@1.0.0
156 silly decomposeActions install unpipe@1.0.0
157 silly decomposeActions postinstall unpipe@1.0.0
158 silly decomposeActions finalize unpipe@1.0.0
159 silly decomposeActions refresh-package-json unpipe@1.0.0
160 silly decomposeActions fetch finalhandler@1.1.2
161 silly decomposeActions extract finalhandler@1.1.2
162 silly decomposeActions preinstall finalhandler@1.1.2
163 silly decomposeActions build finalhandler@1.1.2
164 silly decomposeActions install finalhandler@1.1.2
165 silly decomposeActions postinstall finalhandler@1.1.2
166 silly decomposeActions finalize finalhandler@1.1.2
167 silly decomposeActions refresh-package-json finalhandler@1.1.2
168 silly decomposeActions unbuild raw-body
169 silly decomposeActions remove raw-body
170 silly decomposeActions fetch raw-body@2.4.0
171 silly decomposeActions extract raw-body@2.4.0
172 silly decomposeActions preinstall raw-body@2.4.0
173 silly decomposeActions build raw-body@2.4.0
174 silly decomposeActions install raw-body@2.4.0
175 silly decomposeActions postinstall raw-body@2.4.0
176 silly decomposeActions finalize raw-body@2.4.0
177 silly decomposeActions refresh-package-json raw-body@2.4.0
178 silly decomposeActions unbuild body-parser
179 silly decomposeActions remove body-parser
180 silly decomposeActions fetch body-parser@1.19.0
181 silly decomposeActions extract body-parser@1.19.0
182 silly decomposeActions preinstall body-parser@1.19.0
183 silly decomposeActions build body-parser@1.19.0
184 silly decomposeActions install body-parser@1.19.0
185 silly decomposeActions postinstall body-parser@1.19.0
186 silly decomposeActions finalize body-parser@1.19.0
187 silly decomposeActions refresh-package-json body-parser@1.19.0
188 silly decomposeActions fetch uri-js@4.4.1
189 silly decomposeActions extract uri-js@4.4.1
190 silly decomposeActions preinstall uri-js@4.4.1
191 silly decomposeActions build uri-js@4.4.1
192 silly decomposeActions install uri-js@4.4.1
193 silly decomposeActions postinstall uri-js@4.4.1
194 silly decomposeActions finalize uri-js@4.4.1
195 silly decomposeActions refresh-package-json uri-js@4.4.1
196 silly decomposeActions fetch ajv@6.12.6
197 silly decomposeActions extract ajv@6.12.6
198 silly decomposeActions preinstall ajv@6.12.6
199 silly decomposeActions build ajv@6.12.6
200 silly decomposeActions install ajv@6.12.6
201 silly decomposeActions postinstall ajv@6.12.6
202 silly decomposeActions finalize ajv@6.12.6
203 silly decomposeActions refresh-package-json ajv@6.12.6
204 silly decomposeActions fetch har-validator@5.1.5
205 silly decomposeActions extract har-validator@5.1.5
206 silly decomposeActions preinstall har-validator@5.1.5
207 silly decomposeActions build har-validator@5.1.5
208 silly decomposeActions install har-validator@5.1.5
209 silly decomposeActions postinstall har-validator@5.1.5
210 silly decomposeActions finalize har-validator@5.1.5
211 silly decomposeActions refresh-package-json har-validator@5.1.5
212 silly decomposeActions fetch url-join@0.0.1
213 silly decomposeActions extract url-join@0.0.1
214 silly decomposeActions preinstall url-join@0.0.1
215 silly decomposeActions build url-join@0.0.1
216 silly decomposeActions install url-join@0.0.1
217 silly decomposeActions postinstall url-join@0.0.1
218 silly decomposeActions finalize url-join@0.0.1
219 silly decomposeActions refresh-package-json url-join@0.0.1
220 silly decomposeActions fetch utils-merge@1.0.1
221 silly decomposeActions extract utils-merge@1.0.1
222 silly decomposeActions preinstall utils-merge@1.0.1
223 silly decomposeActions build utils-merge@1.0.1
224 silly decomposeActions install utils-merge@1.0.1
225 silly decomposeActions postinstall utils-merge@1.0.1
226 silly decomposeActions finalize utils-merge@1.0.1
227 silly decomposeActions refresh-package-json utils-merge@1.0.1
228 silly decomposeActions fetch uuid@3.4.0
229 silly decomposeActions extract uuid@3.4.0
230 silly decomposeActions preinstall uuid@3.4.0
231 silly decomposeActions build uuid@3.4.0
232 silly decomposeActions install uuid@3.4.0
233 silly decomposeActions postinstall uuid@3.4.0
234 silly decomposeActions finalize uuid@3.4.0
235 silly decomposeActions refresh-package-json uuid@3.4.0
236 silly decomposeActions fetch vary@1.1.2
237 silly decomposeActions extract vary@1.1.2
238 silly decomposeActions preinstall vary@1.1.2
239 silly decomposeActions build vary@1.1.2
240 silly decomposeActions install vary@1.1.2
241 silly decomposeActions postinstall vary@1.1.2
242 silly decomposeActions finalize vary@1.1.2
243 silly decomposeActions refresh-package-json vary@1.1.2
244 silly decomposeActions fetch express@4.17.1
245 silly decomposeActions extract express@4.17.1
246 silly decomposeActions preinstall express@4.17.1
247 silly decomposeActions build express@4.17.1
248 silly decomposeActions install express@4.17.1
249 silly decomposeActions postinstall express@4.17.1
250 silly decomposeActions finalize express@4.17.1
251 silly decomposeActions refresh-package-json express@4.17.1
252 silly decomposeActions fetch verror@1.10.0
253 silly decomposeActions extract verror@1.10.0
254 silly decomposeActions preinstall verror@1.10.0
255 silly decomposeActions build verror@1.10.0
256 silly decomposeActions install verror@1.10.0
257 silly decomposeActions postinstall verror@1.10.0
258 silly decomposeActions finalize verror@1.10.0
259 silly decomposeActions refresh-package-json verror@1.10.0
260 silly decomposeActions fetch jsprim@1.4.1
261 silly decomposeActions extract jsprim@1.4.1
262 silly decomposeActions preinstall jsprim@1.4.1
263 silly decomposeActions build jsprim@1.4.1
264 silly decomposeActions install jsprim@1.4.1
265 silly decomposeActions postinstall jsprim@1.4.1
266 silly decomposeActions finalize jsprim@1.4.1
267 silly decomposeActions refresh-package-json jsprim@1.4.1
268 silly decomposeActions unbuild http-signature
269 silly decomposeActions remove http-signature
270 silly decomposeActions fetch http-signature@1.2.0
271 silly decomposeActions extract http-signature@1.2.0
272 silly decomposeActions preinstall http-signature@1.2.0
273 silly decomposeActions build http-signature@1.2.0
274 silly decomposeActions install http-signature@1.2.0
275 silly decomposeActions postinstall http-signature@1.2.0
276 silly decomposeActions finalize http-signature@1.2.0
277 silly decomposeActions refresh-package-json http-signature@1.2.0
278 silly decomposeActions unbuild request
279 silly decomposeActions remove request
280 silly decomposeActions fetch request@2.88.2
281 silly decomposeActions extract request@2.88.2
282 silly decomposeActions preinstall request@2.88.2
283 silly decomposeActions build request@2.88.2
284 silly decomposeActions install request@2.88.2
285 silly decomposeActions postinstall request@2.88.2
286 silly decomposeActions finalize request@2.88.2
287 silly decomposeActions refresh-package-json request@2.88.2
288 silly decomposeActions fetch async@1.0.0
289 silly decomposeActions extract async@1.0.0
290 silly decomposeActions preinstall async@1.0.0
291 silly decomposeActions build async@1.0.0
292 silly decomposeActions install async@1.0.0
293 silly decomposeActions postinstall async@1.0.0
294 silly decomposeActions finalize async@1.0.0
295 silly decomposeActions refresh-package-json async@1.0.0
296 silly decomposeActions fetch winston@2.4.5
297 silly decomposeActions extract winston@2.4.5
298 silly decomposeActions preinstall winston@2.4.5
299 silly decomposeActions build winston@2.4.5
300 silly decomposeActions install winston@2.4.5
301 silly decomposeActions postinstall winston@2.4.5
302 silly decomposeActions finalize winston@2.4.5
303 silly decomposeActions refresh-package-json winston@2.4.5
304 silly decomposeActions fetch ws@1.1.5
305 silly decomposeActions extract ws@1.1.5
306 silly decomposeActions preinstall ws@1.1.5
307 silly decomposeActions build ws@1.1.5
308 silly decomposeActions install ws@1.1.5
309 silly decomposeActions postinstall ws@1.1.5
310 silly decomposeActions finalize ws@1.1.5
311 silly decomposeActions refresh-package-json ws@1.1.5
312 silly decomposeActions unbuild @slack/client
313 silly decomposeActions remove @slack/client
314 silly decomposeActions fetch @slack/client@3.16.1-sec.2
315 silly decomposeActions extract @slack/client@3.16.1-sec.2
316 silly decomposeActions preinstall @slack/client@3.16.1-sec.2
317 silly decomposeActions build @slack/client@3.16.1-sec.2
318 silly decomposeActions install @slack/client@3.16.1-sec.2
319 silly decomposeActions postinstall @slack/client@3.16.1-sec.2
320 silly decomposeActions finalize @slack/client@3.16.1-sec.2
321 silly decomposeActions refresh-package-json @slack/client@3.16.1-sec.2
322 silly decomposeActions unbuild hubot
323 silly decomposeActions remove hubot
324 silly decomposeActions fetch hubot@3.3.2
325 silly decomposeActions extract hubot@3.3.2
326 silly decomposeActions preinstall hubot@3.3.2
327 silly decomposeActions build hubot@3.3.2
328 silly decomposeActions install hubot@3.3.2
329 silly decomposeActions postinstall hubot@3.3.2
330 silly decomposeActions finalize hubot@3.3.2
331 silly decomposeActions refresh-package-json hubot@3.3.2
332 silly decomposeActions unbuild hubot-diagnostics
333 silly decomposeActions remove hubot-diagnostics
334 silly decomposeActions fetch hubot-diagnostics@1.0.0
335 silly decomposeActions extract hubot-diagnostics@1.0.0
336 silly decomposeActions preinstall hubot-diagnostics@1.0.0
337 silly decomposeActions build hubot-diagnostics@1.0.0
338 silly decomposeActions install hubot-diagnostics@1.0.0
339 silly decomposeActions postinstall hubot-diagnostics@1.0.0
340 silly decomposeActions finalize hubot-diagnostics@1.0.0
341 silly decomposeActions refresh-package-json hubot-diagnostics@1.0.0
342 silly decomposeActions unbuild hubot-google-images
343 silly decomposeActions remove hubot-google-images
344 silly decomposeActions fetch hubot-google-images@0.2.7
345 silly decomposeActions extract hubot-google-images@0.2.7
346 silly decomposeActions preinstall hubot-google-images@0.2.7
347 silly decomposeActions build hubot-google-images@0.2.7
348 silly decomposeActions install hubot-google-images@0.2.7
349 silly decomposeActions postinstall hubot-google-images@0.2.7
350 silly decomposeActions finalize hubot-google-images@0.2.7
351 silly decomposeActions refresh-package-json hubot-google-images@0.2.7
352 silly decomposeActions unbuild hubot-google-translate
353 silly decomposeActions remove hubot-google-translate
354 silly decomposeActions fetch hubot-google-translate@0.2.1
355 silly decomposeActions extract hubot-google-translate@0.2.1
356 silly decomposeActions preinstall hubot-google-translate@0.2.1
357 silly decomposeActions build hubot-google-translate@0.2.1
358 silly decomposeActions install hubot-google-translate@0.2.1
359 silly decomposeActions postinstall hubot-google-translate@0.2.1
360 silly decomposeActions finalize hubot-google-translate@0.2.1
361 silly decomposeActions refresh-package-json hubot-google-translate@0.2.1
362 silly decomposeActions unbuild hubot-help
363 silly decomposeActions remove hubot-help
364 silly decomposeActions fetch hubot-help@1.0.1
365 silly decomposeActions extract hubot-help@1.0.1
366 silly decomposeActions preinstall hubot-help@1.0.1
367 silly decomposeActions build hubot-help@1.0.1
368 silly decomposeActions install hubot-help@1.0.1
369 silly decomposeActions postinstall hubot-help@1.0.1
370 silly decomposeActions finalize hubot-help@1.0.1
371 silly decomposeActions refresh-package-json hubot-help@1.0.1
372 silly decomposeActions unbuild hubot-heroku-keepalive
373 silly decomposeActions remove hubot-heroku-keepalive
374 silly decomposeActions fetch hubot-heroku-keepalive@1.0.3
375 silly decomposeActions extract hubot-heroku-keepalive@1.0.3
376 silly decomposeActions preinstall hubot-heroku-keepalive@1.0.3
377 silly decomposeActions build hubot-heroku-keepalive@1.0.3
378 silly decomposeActions install hubot-heroku-keepalive@1.0.3
379 silly decomposeActions postinstall hubot-heroku-keepalive@1.0.3
380 silly decomposeActions finalize hubot-heroku-keepalive@1.0.3
381 silly decomposeActions refresh-package-json hubot-heroku-keepalive@1.0.3
382 silly decomposeActions unbuild hubot-maps
383 silly decomposeActions remove hubot-maps
384 silly decomposeActions fetch hubot-maps@0.0.3
385 silly decomposeActions extract hubot-maps@0.0.3
386 silly decomposeActions preinstall hubot-maps@0.0.3
387 silly decomposeActions build hubot-maps@0.0.3
388 silly decomposeActions install hubot-maps@0.0.3
389 silly decomposeActions postinstall hubot-maps@0.0.3
390 silly decomposeActions finalize hubot-maps@0.0.3
391 silly decomposeActions refresh-package-json hubot-maps@0.0.3
392 silly decomposeActions unbuild hubot-pugme
393 silly decomposeActions remove hubot-pugme
394 silly decomposeActions fetch hubot-pugme@0.1.1
395 silly decomposeActions extract hubot-pugme@0.1.1
396 silly decomposeActions preinstall hubot-pugme@0.1.1
397 silly decomposeActions build hubot-pugme@0.1.1
398 silly decomposeActions install hubot-pugme@0.1.1
399 silly decomposeActions postinstall hubot-pugme@0.1.1
400 silly decomposeActions finalize hubot-pugme@0.1.1
401 silly decomposeActions refresh-package-json hubot-pugme@0.1.1
402 silly decomposeActions unbuild hubot-redis-brain
403 silly decomposeActions remove hubot-redis-brain
404 silly decomposeActions fetch hubot-redis-brain@1.0.0
405 silly decomposeActions extract hubot-redis-brain@1.0.0
406 silly decomposeActions preinstall hubot-redis-brain@1.0.0
407 silly decomposeActions build hubot-redis-brain@1.0.0
408 silly decomposeActions install hubot-redis-brain@1.0.0
409 silly decomposeActions postinstall hubot-redis-brain@1.0.0
410 silly decomposeActions finalize hubot-redis-brain@1.0.0
411 silly decomposeActions refresh-package-json hubot-redis-brain@1.0.0
412 silly decomposeActions unbuild hubot-rules
413 silly decomposeActions remove hubot-rules
414 silly decomposeActions fetch hubot-rules@1.0.0
415 silly decomposeActions extract hubot-rules@1.0.0
416 silly decomposeActions preinstall hubot-rules@1.0.0
417 silly decomposeActions build hubot-rules@1.0.0
418 silly decomposeActions install hubot-rules@1.0.0
419 silly decomposeActions postinstall hubot-rules@1.0.0
420 silly decomposeActions finalize hubot-rules@1.0.0
421 silly decomposeActions refresh-package-json hubot-rules@1.0.0
422 silly decomposeActions unbuild hubot-scripts
423 silly decomposeActions remove hubot-scripts
424 silly decomposeActions fetch hubot-scripts@2.17.2
425 silly decomposeActions extract hubot-scripts@2.17.2
426 silly decomposeActions preinstall hubot-scripts@2.17.2
427 silly decomposeActions build hubot-scripts@2.17.2
428 silly decomposeActions install hubot-scripts@2.17.2
429 silly decomposeActions postinstall hubot-scripts@2.17.2
430 silly decomposeActions finalize hubot-scripts@2.17.2
431 silly decomposeActions refresh-package-json hubot-scripts@2.17.2
432 silly decomposeActions unbuild hubot-shipit
433 silly decomposeActions remove hubot-shipit
434 silly decomposeActions fetch hubot-shipit@0.2.1
435 silly decomposeActions extract hubot-shipit@0.2.1
436 silly decomposeActions preinstall hubot-shipit@0.2.1
437 silly decomposeActions build hubot-shipit@0.2.1
438 silly decomposeActions install hubot-shipit@0.2.1
439 silly decomposeActions postinstall hubot-shipit@0.2.1
440 silly decomposeActions finalize hubot-shipit@0.2.1
441 silly decomposeActions refresh-package-json hubot-shipit@0.2.1
442 silly decomposeActions unbuild hubot-slack
443 silly decomposeActions remove hubot-slack
444 silly decomposeActions fetch hubot-slack@4.9.0
445 silly decomposeActions extract hubot-slack@4.9.0
446 silly decomposeActions preinstall hubot-slack@4.9.0
447 silly decomposeActions build hubot-slack@4.9.0
448 silly decomposeActions install hubot-slack@4.9.0
449 silly decomposeActions postinstall hubot-slack@4.9.0
450 silly decomposeActions finalize hubot-slack@4.9.0
451 silly decomposeActions refresh-package-json hubot-slack@4.9.0
452 silly decomposeActions preinstall shuffleApp@file:shuffleApp
453 silly decomposeActions build shuffleApp@file:shuffleApp
454 silly decomposeActions install shuffleApp@file:shuffleApp
455 silly decomposeActions postinstall shuffleApp@file:shuffleApp
456 silly decomposeActions finalize shuffleApp@file:shuffleApp
457 silly decomposeActions refresh-package-json shuffleApp@file:shuffleApp
458 silly install executeActions
459 silly doSerial global-install 388
460 verbose correctMkdir /home/shufflehubot/.npm/_locks correctMkdir not in flight; initializing
461 verbose lock using /home/shufflehubot/.npm/_locks/staging-d559f62f37b9e887.lock for /home/shufflehubot/node_modules/.staging
462 silly doParallel extract 43
463 silly extract asn1@0.2.4
464 silly extract ecc-jsbn@0.1.2
465 silly extract tweetnacl@0.14.5
466 silly extract bcrypt-pbkdf@1.0.2
467 silly extract sshpk@1.16.1
468 silly extract type-is@1.6.18
469 silly extract uid-safe@2.1.5
470 silly extract multiparty@4.2.2
471 silly extract connect-multiparty@2.2.0
472 silly extract ultron@1.0.2
473 silly extract unpipe@1.0.0
474 silly extract finalhandler@1.1.2
475 silly extract raw-body@2.4.0
476 silly extract body-parser@1.19.0
477 silly extract uri-js@4.4.1
478 silly extract ajv@6.12.6
479 silly extract har-validator@5.1.5
480 silly extract url-join@0.0.1
481 silly extract utils-merge@1.0.1
482 silly extract uuid@3.4.0
483 silly extract vary@1.1.2
484 silly extract express@4.17.1
485 silly extract verror@1.10.0
486 silly extract jsprim@1.4.1
487 silly extract http-signature@1.2.0
488 silly extract request@2.88.2
489 silly extract async@1.0.0
490 silly extract winston@2.4.5
491 silly extract ws@1.1.5
492 silly extract @slack/client@3.16.1-sec.2
493 silly extract hubot@3.3.2
494 silly extract hubot-diagnostics@1.0.0
495 silly extract hubot-google-images@0.2.7
496 silly extract hubot-google-translate@0.2.1
497 silly extract hubot-help@1.0.1
498 silly extract hubot-heroku-keepalive@1.0.3
499 silly extract hubot-maps@0.0.3
500 silly extract hubot-pugme@0.1.1
501 silly extract hubot-redis-brain@1.0.0
502 silly extract hubot-rules@1.0.0
503 silly extract hubot-scripts@2.17.2
504 silly extract hubot-shipit@0.2.1
505 silly extract hubot-slack@4.9.0
506 silly tarball trying asn1@0.2.4 by hash: sha512-jxwzQpLQjSmWXgwaCZE9Nz+glAG01yF1QnWgbhGwHI5A6FRIEY6IVqtHhIepHqI7/kyEyQEagBC5mBEFlIYvdg==
507 silly tarball trying hubot-slack@4.9.0 by hash: sha512-liNHxyii/XZe2ypXP8IEPas5paJwVVRVZYMcVy3cHlIYzRaY+99ayBptEI+KWfqzhzxnLGV2aGjHUjolBsl0iA==
508 silly tarball trying ecc-jsbn@0.1.2 by hash: sha1-OoOpBOVDUyh4dMVkt1SThoSamMk=
509 silly tarball trying tweetnacl@0.14.5 by hash: sha1-WuaBd/GS1EViadEIr6k/+HQ/T2Q=
510 silly tarball trying sshpk@1.16.1 by hash: sha512-HXXqVUq7+pcKeLqqZj6mHFUMvXtOJt1uoUx09pFW6011inTMxqI8BA8PM95myrIyyKwdnzjdFjLiE6KBPVtJIg==
511 silly tarball trying bcrypt-pbkdf@1.0.2 by hash: sha1-pDAdOJtqQ/m2f/PKEaP2Y342Dp4=
512 silly tarball trying uid-safe@2.1.5 by hash: sha512-KPHm4VL5dDXKz01UuEd88Df+KzynaohSL9fBh096KWAxSKZQDI2uBrVqtvRM4rwrIrRRKsdLNML/lnaaVSRioA==
513 silly tarball trying multiparty@4.2.2 by hash: sha512-NtZLjlvsjcoGrzojtwQwn/Tm90aWJ6XXtPppYF4WmOk/6ncdwMMKggFY2NlRRN9yiCEIVxpOfPWahVEG2HAG8Q==
514 silly tarball trying type-is@1.6.18 by hash: sha512-TkRKr9sUTxEH8MdfuCSP7VizJyzRNMjj2J2do2Jr3Kym598JVdEksuzPQCnlFPW4ky9Q+iA+ma9BGm06XQBy8g==
515 silly tarball trying connect-multiparty@2.2.0 by hash: sha512-zKcpA7cuXGEhuw9Pz7JmVCFmp85jzGLGm/iiagXTwyEAJp4ypLPtRS/V4IGuGb9KjjrgHBs6P/gDCpZHnFzksA==
516 silly tarball trying finalhandler@1.1.2 by hash: sha512-aAWcW57uxVNrQZqFXjITpW3sIUQmHGG3qSb9mUah9MgMC4NeWhNOlNjXEYq3HjRAvL6arUviZGGJsBg6z0zsWA==
517 silly tarball trying unpipe@1.0.0 by hash: sha1-sr9O6FFKrmFltIF4KdIbLvSZBOw=
518 silly tarball trying ajv@6.12.6 by hash: sha512-j3fVLgvTo527anyYyJOGTYJbG+vnnQYvE0m5mmkc1TK+nxAppkCLMIL0aZ4dblVCNoGShhm+kzE4ZUykBoMg4g==
519 silly tarball trying ultron@1.0.2 by hash: sha1-rOEWq1V80Zc4ak6I9GhTeMiy5Po=
520 silly tarball trying raw-body@2.4.0 by hash: sha512-4Oz8DUIwdvoa5qMJelxipzi/iJIi40O5cGV1wNYp5hvZP8ZN0T+jiNkL0QepXs+EsQ9XJ8ipEDoiH70ySUJP3Q==
521 silly tarball trying uri-js@4.4.1 by hash: sha512-7rKUyy33Q1yc98pQ1DAmLtwX109F7TIfWlW1Ydo8Wl1ii1SeHieeh0HHfPeL2fMXK6z0s8ecKs9frCuLJvndBg==
522 silly tarball trying body-parser@1.19.0 by hash: sha512-dhEPs72UPbDnAQJ9ZKMNTP6ptJaionhP5cBb541nXPlW60Jepo9RV/a4fX4XWW9CuFNK22krhrj1+rgzifNCsw==
523 silly tarball trying har-validator@5.1.5 by hash: sha512-nmT2T0lljbxdQZfspsno9hgrG3Uir6Ks5afism62poxqBM6sDnMEuPmzTq8XN0OEwqKLLdh1jQI3qyE66Nzb3w==
524 silly tarball trying utils-merge@1.0.1 by hash: sha1-n5VxD1CiZ5R7LMwSR0HBAoQn5xM=
525 silly tarball trying uuid@3.4.0 by hash: sha512-HjSDRw6gZE5JMggctHBcjVak08+KEVhSIiDzFnT9S9aegmp85S/bReBVTb4QTFaRNptJ9kuYaNhnbNEOkbKb/A==
526 silly tarball trying url-join@0.0.1 by hash: sha1-HbSK1CLTQCRpqH99l73r/k+x48g=
527 silly tarball trying vary@1.1.2 by hash: sha1-IpnwLG3tMNSllhsLn3RSShj2NPw=
528 silly tarball trying verror@1.10.0 by hash: sha1-OhBcoXBTr1XW4nDB+CiGguGNpAA=
529 silly tarball trying jsprim@1.4.1 by hash: sha1-MT5mvB5cwG5Di8G3SZwuXFastqI=
530 silly tarball trying express@4.17.1 by hash: sha512-mHJ9O79RqluphRrcw2X/GTh3k9tVv8YcoyY4Kkh4WDMUYKRZUq0h1o0w2rrrxBqM7VoeUVqgb27xlEMXTnYt4g==
531 silly tarball trying http-signature@1.2.0 by hash: sha1-muzZJRFHcvPZW2WmCruPfBj7rOE=
532 silly tarball trying request@2.88.2 by hash: sha512-MsvtOrfG9ZcrOwAW+Qi+F6HbD0CWXEh9ou77uOb7FM2WPhwT7smM833PzanhJLsgXjN89Ir6V2PczXNnMpwKhw==
533 silly tarball trying async@1.0.0 by hash: sha1-+PwEyjoTeErenhZBr5hXjPvWR6k=
534 silly tarball trying winston@2.4.5 by hash: sha512-TWoamHt5yYvsMarGlGEQE59SbJHqGsZV8/lwC+iCcGeAe0vUaOh+Lv6SYM17ouzC/a/LB1/hz/7sxFBtlu1l4A==
535 silly tarball trying ws@1.1.5 by hash: sha512-o3KqipXNUdS7wpQzBHSe180lBGO60SoK0yVo3CYJgb2MkobuWuBX6dhkYP5ORCLd55y+SaflMOV5fqAB53ux4w==
536 silly tarball trying @slack/client@3.16.1-sec.2 by hash: sha512-FAERJJAurczrvgShW+9V95NdVYgf8FdIexUqfBgNuToRrLRDRcWNf0nGyfKAvl2RH1ncppzJp3iXgMNJFnJXhQ==
537 silly tarball trying hubot@3.3.2 by hash: sha512-+8h/s+t5GirjuDW5K1QjTGBGzOU8ksEi51HeLdFghYOWj40x6ndhAU3C6SRPk/7yHj6luVPuVi/Y8s0P+lqM9Q==
538 silly tarball trying hubot-diagnostics@1.0.0 by hash: sha512-4kuR04lULoDDra/Z7B/rgMQMZW531Ve5hwhd8xNOKAl8e1cb5bZNqVpGFYF174eYcN54+RZuWQFHsntjvczyag==
539 silly tarball trying hubot-google-images@0.2.7 by hash: sha1-qKH5CU12gwvxkxdwiI+rDcDBGk0=
540 silly tarball trying hubot-google-translate@0.2.1 by hash: sha1-P0lsfywgmU1ZS0t1GDiY4rYnu34=
541 silly tarball trying hubot-heroku-keepalive@1.0.3 by hash: sha1-KVDigJXuSmrOK3b5DiqRupHmgTw=
542 silly tarball trying hubot-maps@0.0.3 by hash: sha1-yPxbA0h1TmJhbVuZsr85BMXuWDw=
543 silly tarball trying hubot-pugme@0.1.1 by hash: sha1-u/O5k4MVFsgU9WnPDwUxP7mjFFg=
544 silly tarball trying hubot-help@1.0.1 by hash: sha512-1gL7ywROwQG6Grom68Bhi8O7YHn/qEkg3tGgap+tFejZGxVnFyJ/LcStBScW/zUj4yf0GlDaExR/vsaTjzBRsA==
545 silly tarball trying hubot-redis-brain@1.0.0 by hash: sha512-F3udeIfYZ+49ezeWKQgcI41PblsyRnHvAWrqjJV/HGApPCxX1P0cPiNna3B/ml6V5EOOZLsVeelukwtxDhh09A==
546 silly tarball trying hubot-scripts@2.17.2 by hash: sha1-mwjpB9XPq6cteDIEBnp4zp3zriQ=
547 silly tarball trying hubot-rules@1.0.0 by hash: sha512-IXeTYp6aK25Hgio8ezYr9vruLt1dICL9+kImaXefbfanSjNiNDvltNZfwANqeBx4Zm92A6yi36XxbWR5ZS5kNg==
548 silly tarball trying hubot-shipit@0.2.1 by hash: sha1-T7yeFhlTv3kB/cNuKnAsExA/FrI=
549 silly extract utils-merge@1.0.1 extracted to /home/shufflehubot/node_modules/.staging/utils-merge-73b8cebc (347ms)
550 silly extract vary@1.1.2 extracted to /home/shufflehubot/node_modules/.staging/vary-6eec0c9b (348ms)
551 silly extract hubot-help@1.0.1 extracted to /home/shufflehubot/node_modules/.staging/hubot-help-e3da3f97 (354ms)
552 silly extract uid-safe@2.1.5 extracted to /home/shufflehubot/node_modules/.staging/uid-safe-bc1f8296 (381ms)
553 silly extract connect-multiparty@2.2.0 extracted to /home/shufflehubot/node_modules/.staging/connect-multiparty-53106556 (382ms)
554 silly extract unpipe@1.0.0 extracted to /home/shufflehubot/node_modules/.staging/unpipe-b4143c7f (383ms)
555 silly extract type-is@1.6.18 extracted to /home/shufflehubot/node_modules/.staging/type-is-8966dd73 (383ms)
556 silly extract finalhandler@1.1.2 extracted to /home/shufflehubot/node_modules/.staging/finalhandler-6fc2ce26 (383ms)
557 silly extract url-join@0.0.1 extracted to /home/shufflehubot/node_modules/.staging/url-join-9ec1c994 (386ms)
558 silly extract jsprim@1.4.1 extracted to /home/shufflehubot/node_modules/.staging/jsprim-795404ba (405ms)
559 silly extract hubot-maps@0.0.3 extracted to /home/shufflehubot/node_modules/.staging/hubot-maps-c084b354 (408ms)
560 silly extract har-validator@5.1.5 extracted to /home/shufflehubot/node_modules/.staging/har-validator-6abf88f4 (418ms)
561 silly extract bcrypt-pbkdf@1.0.2 extracted to /home/shufflehubot/node_modules/.staging/bcrypt-pbkdf-a2d594ae (429ms)
562 silly extract raw-body@2.4.0 extracted to /home/shufflehubot/node_modules/.staging/raw-body-9753a941 (429ms)
563 silly extract multiparty@4.2.2 extracted to /home/shufflehubot/node_modules/.staging/multiparty-09ad0497 (442ms)
564 silly extract hubot-rules@1.0.0 extracted to /home/shufflehubot/node_modules/.staging/hubot-rules-b2eae485 (439ms)
565 timing audit submit Completed in 479ms
566 http fetch POST 200 https://registry.npmjs.org/-/npm/v1/security/audits/quick 479ms
567 timing audit body Completed in 1ms
568 silly extract ultron@1.0.2 extracted to /home/shufflehubot/node_modules/.staging/ultron-454ef828 (447ms)
569 silly extract verror@1.10.0 extracted to /home/shufflehubot/node_modules/.staging/verror-4a288433 (445ms)
570 silly extract hubot-diagnostics@1.0.0 extracted to /home/shufflehubot/node_modules/.staging/hubot-diagnostics-172b5dbf (459ms)
571 silly extract hubot-shipit@0.2.1 extracted to /home/shufflehubot/node_modules/.staging/hubot-shipit-e904b885 (461ms)
572 silly extract hubot-redis-brain@1.0.0 extracted to /home/shufflehubot/node_modules/.staging/hubot-redis-brain-2d69ef1c (469ms)
573 silly extract asn1@0.2.4 extracted to /home/shufflehubot/node_modules/.staging/asn1-c17bffe8 (479ms)
574 silly extract hubot-google-translate@0.2.1 extracted to /home/shufflehubot/node_modules/.staging/hubot-google-translate-dff34fb9 (480ms)
575 silly extract hubot-pugme@0.1.1 extracted to /home/shufflehubot/node_modules/.staging/hubot-pugme-081c65f3 (480ms)
576 silly extract hubot-google-images@0.2.7 extracted to /home/shufflehubot/node_modules/.staging/hubot-google-images-7cc8f42a (488ms)
577 silly extract hubot-heroku-keepalive@1.0.3 extracted to /home/shufflehubot/node_modules/.staging/hubot-heroku-keepalive-60d712b6 (497ms)
578 silly extract http-signature@1.2.0 extracted to /home/shufflehubot/node_modules/.staging/http-signature-79c85018 (516ms)
579 silly extract body-parser@1.19.0 extracted to /home/shufflehubot/node_modules/.staging/body-parser-799915f4 (522ms)
580 silly extract ecc-jsbn@0.1.2 extracted to /home/shufflehubot/node_modules/.staging/ecc-jsbn-b75052f9 (525ms)
581 silly extract async@1.0.0 extracted to /home/shufflehubot/node_modules/.staging/async-33482568 (524ms)
582 silly extract uuid@3.4.0 extracted to /home/shufflehubot/node_modules/.staging/uuid-3a310e76 (552ms)
583 silly extract tweetnacl@0.14.5 extracted to /home/shufflehubot/node_modules/.staging/tweetnacl-9b8e30cb (567ms)
584 silly extract ws@1.1.5 extracted to /home/shufflehubot/node_modules/.staging/ws-29a8f280 (573ms)
585 silly extract request@2.88.2 extracted to /home/shufflehubot/node_modules/.staging/request-29e7e84a (601ms)
586 silly extract express@4.17.1 extracted to /home/shufflehubot/node_modules/.staging/express-2da06092 (603ms)
587 silly extract winston@2.4.5 extracted to /home/shufflehubot/node_modules/.staging/winston-7eeb0b25 (723ms)
588 silly extract sshpk@1.16.1 extracted to /home/shufflehubot/node_modules/.staging/sshpk-19041610 (752ms)
589 silly extract uri-js@4.4.1 extracted to /home/shufflehubot/node_modules/.staging/uri-js-1784e16d (817ms)
590 silly extract hubot@3.3.2 extracted to /home/shufflehubot/node_modules/.staging/hubot-68209d07 (842ms)
591 silly extract hubot-slack@4.9.0 extracted to /home/shufflehubot/node_modules/.staging/hubot-slack-1e5f9770 (861ms)
592 silly extract ajv@6.12.6 extracted to /home/shufflehubot/node_modules/.staging/ajv-f98016fc (970ms)
593 silly extract @slack/client@3.16.1-sec.2 extracted to /home/shufflehubot/node_modules/.staging/@slack/client-214bee40 (1222ms)
594 silly extract hubot-scripts@2.17.2 extracted to /home/shufflehubot/node_modules/.staging/hubot-scripts-5961654e (1455ms)
595 timing action:extract Completed in 1463ms
596 silly doReverseSerial unbuild 388
597 silly unbuild hubot-slack
598 info lifecycle undefined~preuninstall: undefined
599 info lifecycle undefined~uninstall: undefined
600 verbose unbuild rmStuff undefined from /home/shufflehubot/node_modules
601 info lifecycle undefined~postuninstall: undefined
602 silly unbuild hubot-shipit
603 info lifecycle undefined~preuninstall: undefined
604 info lifecycle undefined~uninstall: undefined
605 verbose unbuild rmStuff undefined from /home/shufflehubot/node_modules
606 info lifecycle undefined~postuninstall: undefined
607 silly unbuild hubot-scripts
608 info lifecycle undefined~preuninstall: undefined
609 info lifecycle undefined~uninstall: undefined
610 verbose unbuild rmStuff undefined from /home/shufflehubot/node_modules
611 info lifecycle undefined~postuninstall: undefined
612 silly unbuild hubot-rules
613 info lifecycle undefined~preuninstall: undefined
614 info lifecycle undefined~uninstall: undefined
615 verbose unbuild rmStuff undefined from /home/shufflehubot/node_modules
616 info lifecycle undefined~postuninstall: undefined
617 silly unbuild hubot-redis-brain
618 info lifecycle undefined~preuninstall: undefined
619 info lifecycle undefined~uninstall: undefined
620 verbose unbuild rmStuff undefined from /home/shufflehubot/node_modules
621 info lifecycle undefined~postuninstall: undefined
622 silly unbuild hubot-pugme
623 info lifecycle undefined~preuninstall: undefined
624 info lifecycle undefined~uninstall: undefined
625 verbose unbuild rmStuff undefined from /home/shufflehubot/node_modules
626 info lifecycle undefined~postuninstall: undefined
627 silly unbuild hubot-maps
628 info lifecycle undefined~preuninstall: undefined
629 info lifecycle undefined~uninstall: undefined
630 verbose unbuild rmStuff undefined from /home/shufflehubot/node_modules
631 info lifecycle undefined~postuninstall: undefined
632 silly unbuild hubot-heroku-keepalive
633 info lifecycle undefined~preuninstall: undefined
634 info lifecycle undefined~uninstall: undefined
635 verbose unbuild rmStuff undefined from /home/shufflehubot/node_modules
636 info lifecycle undefined~postuninstall: undefined
637 silly unbuild hubot-help
638 info lifecycle undefined~preuninstall: undefined
639 info lifecycle undefined~uninstall: undefined
640 verbose unbuild rmStuff undefined from /home/shufflehubot/node_modules
641 info lifecycle undefined~postuninstall: undefined
642 silly unbuild hubot-google-translate
643 info lifecycle undefined~preuninstall: undefined
644 info lifecycle undefined~uninstall: undefined
645 verbose unbuild rmStuff undefined from /home/shufflehubot/node_modules
646 info lifecycle undefined~postuninstall: undefined
647 silly unbuild hubot-google-images
648 info lifecycle undefined~preuninstall: undefined
649 info lifecycle undefined~uninstall: undefined
650 verbose unbuild rmStuff undefined from /home/shufflehubot/node_modules
651 info lifecycle undefined~postuninstall: undefined
652 silly unbuild hubot-diagnostics
653 info lifecycle undefined~preuninstall: undefined
654 info lifecycle undefined~uninstall: undefined
655 verbose unbuild rmStuff undefined from /home/shufflehubot/node_modules
656 info lifecycle undefined~postuninstall: undefined
657 silly unbuild hubot
658 info lifecycle undefined~preuninstall: undefined
659 info lifecycle undefined~uninstall: undefined
660 verbose unbuild rmStuff undefined from /home/shufflehubot/node_modules
661 info lifecycle undefined~postuninstall: undefined
662 silly unbuild @slack/client
663 info lifecycle undefined~preuninstall: undefined
664 info lifecycle undefined~uninstall: undefined
665 verbose unbuild rmStuff undefined from /home/shufflehubot/node_modules
666 info lifecycle undefined~postuninstall: undefined
667 silly unbuild request
668 info lifecycle undefined~preuninstall: undefined
669 info lifecycle undefined~uninstall: undefined
670 verbose unbuild rmStuff undefined from /home/shufflehubot/node_modules
671 info lifecycle undefined~postuninstall: undefined
672 silly unbuild http-signature
673 info lifecycle undefined~preuninstall: undefined
674 info lifecycle undefined~uninstall: undefined
675 verbose unbuild rmStuff undefined from /home/shufflehubot/node_modules
676 info lifecycle undefined~postuninstall: undefined
677 silly unbuild body-parser
678 info lifecycle undefined~preuninstall: undefined
679 info lifecycle undefined~uninstall: undefined
680 verbose unbuild rmStuff undefined from /home/shufflehubot/node_modules
681 info lifecycle undefined~postuninstall: undefined
682 silly unbuild raw-body
683 info lifecycle undefined~preuninstall: undefined
684 info lifecycle undefined~uninstall: undefined
685 verbose unbuild rmStuff undefined from /home/shufflehubot/node_modules
686 info lifecycle undefined~postuninstall: undefined
687 silly unbuild multiparty
688 info lifecycle undefined~preuninstall: undefined
689 info lifecycle undefined~uninstall: undefined
690 verbose unbuild rmStuff undefined from /home/shufflehubot/node_modules
691 info lifecycle undefined~postuninstall: undefined
692 timing action:unbuild Completed in 6ms
693 silly doSerial remove 388
694 silly remove /home/shufflehubot/node_modules/multiparty
695 silly remove /home/shufflehubot/node_modules/raw-body
696 silly remove /home/shufflehubot/node_modules/body-parser
697 silly remove /home/shufflehubot/node_modules/http-signature
698 silly remove /home/shufflehubot/node_modules/request
699 silly remove /home/shufflehubot/node_modules/@slack/client
700 silly remove /home/shufflehubot/node_modules/hubot
701 silly remove /home/shufflehubot/node_modules/hubot-diagnostics
702 silly remove /home/shufflehubot/node_modules/hubot-google-images
703 silly remove /home/shufflehubot/node_modules/hubot-google-translate
704 silly remove /home/shufflehubot/node_modules/hubot-help
705 silly remove /home/shufflehubot/node_modules/hubot-heroku-keepalive
706 silly remove /home/shufflehubot/node_modules/hubot-maps
707 silly remove /home/shufflehubot/node_modules/hubot-pugme
708 silly remove /home/shufflehubot/node_modules/hubot-redis-brain
709 silly remove /home/shufflehubot/node_modules/hubot-rules
710 silly remove /home/shufflehubot/node_modules/hubot-scripts
711 silly remove /home/shufflehubot/node_modules/hubot-shipit
712 silly remove /home/shufflehubot/node_modules/hubot-slack
713 timing action:remove Completed in 379ms
714 silly doSerial move 388
715 silly doSerial finalize 388
716 silly finalize /home/shufflehubot/node_modules/asn1
717 silly finalize /home/shufflehubot/node_modules/ecc-jsbn
718 silly finalize /home/shufflehubot/node_modules/tweetnacl
719 silly finalize /home/shufflehubot/node_modules/bcrypt-pbkdf
720 silly finalize /home/shufflehubot/node_modules/sshpk
721 silly finalize /home/shufflehubot/node_modules/type-is
722 silly finalize /home/shufflehubot/node_modules/uid-safe
723 silly finalize /home/shufflehubot/node_modules/multiparty
724 silly finalize /home/shufflehubot/node_modules/connect-multiparty
725 silly finalize /home/shufflehubot/node_modules/ultron
726 silly finalize /home/shufflehubot/node_modules/unpipe
727 silly finalize /home/shufflehubot/node_modules/finalhandler
728 silly finalize /home/shufflehubot/node_modules/raw-body
729 silly finalize /home/shufflehubot/node_modules/body-parser
730 silly finalize /home/shufflehubot/node_modules/uri-js
731 silly finalize /home/shufflehubot/node_modules/ajv
732 silly finalize /home/shufflehubot/node_modules/har-validator
733 silly finalize /home/shufflehubot/node_modules/url-join
734 silly finalize /home/shufflehubot/node_modules/utils-merge
735 silly finalize /home/shufflehubot/node_modules/uuid
736 silly finalize /home/shufflehubot/node_modules/vary
737 silly finalize /home/shufflehubot/node_modules/hubot/node_modules/express
738 timing action:finalize Completed in 246ms
739 verbose unlock done using /home/shufflehubot/.npm/_locks/staging-d559f62f37b9e887.lock for /home/shufflehubot/node_modules/.staging
740 timing stage:rollbackFailedOptional Completed in 98ms
741 timing stage:runTopLevelLifecycles Completed in 4301ms
742 silly saveTree shufflehubot@0.0.0
742 silly saveTree ├── hubot-diagnostics@1.0.0
742 silly saveTree ├── hubot-google-images@0.2.7
742 silly saveTree ├── hubot-google-translate@0.2.1
742 silly saveTree ├── hubot-help@1.0.1
742 silly saveTree ├── hubot-heroku-keepalive@1.0.3
742 silly saveTree ├── hubot-maps@0.0.3
742 silly saveTree ├── hubot-pugme@0.1.1
742 silly saveTree ├─┬ hubot-redis-brain@1.0.0
742 silly saveTree │ └─┬ redis@2.8.0
742 silly saveTree │   ├── double-ended-queue@2.1.0-0
742 silly saveTree │   ├── redis-commands@1.7.0
742 silly saveTree │   └── redis-parser@2.6.0
742 silly saveTree ├── hubot-rules@1.0.0
742 silly saveTree ├─┬ hubot-scripts@2.17.2
742 silly saveTree │ └── redis@0.8.4
742 silly saveTree ├── hubot-shipit@0.2.1
742 silly saveTree ├─┬ hubot-slack@4.9.0
742 silly saveTree │ ├─┬ @slack/client@3.16.1-sec.2
742 silly saveTree │ │ ├── async@1.5.2
742 silly saveTree │ │ ├── bluebird@3.7.2
742 silly saveTree │ │ ├── eventemitter3@1.2.0
742 silly saveTree │ │ ├─┬ https-proxy-agent@2.2.4
742 silly saveTree │ │ │ ├─┬ agent-base@4.3.0
742 silly saveTree │ │ │ │ └─┬ es6-promisify@5.0.0
742 silly saveTree │ │ │ │   └── es6-promise@4.2.8
742 silly saveTree │ │ │ └─┬ debug@3.2.7
742 silly saveTree │ │ │   └── ms@2.1.3
742 silly saveTree │ │ ├── inherits@2.0.4
742 silly saveTree │ │ ├── lodash@4.17.21
742 silly saveTree │ │ ├── pkginfo@0.4.1
742 silly saveTree │ │ ├─┬ request@2.88.2
742 silly saveTree │ │ │ ├── aws-sign2@0.7.0
742 silly saveTree │ │ │ ├── aws4@1.11.0
742 silly saveTree │ │ │ ├── caseless@0.12.0
742 silly saveTree │ │ │ ├─┬ combined-stream@1.0.8
742 silly saveTree │ │ │ │ └── delayed-stream@1.0.0
742 silly saveTree │ │ │ ├── extend@3.0.2
742 silly saveTree │ │ │ ├── forever-agent@0.6.1
742 silly saveTree │ │ │ ├─┬ form-data@2.3.3
742 silly saveTree │ │ │ │ ├── asynckit@0.4.0
742 silly saveTree │ │ │ │ └─┬ mime-types@2.1.32
742 silly saveTree │ │ │ │   └── mime-db@1.49.0
742 silly saveTree │ │ │ ├─┬ har-validator@5.1.5
742 silly saveTree │ │ │ │ ├─┬ ajv@6.12.6
742 silly saveTree │ │ │ │ │ ├── fast-deep-equal@3.1.3
742 silly saveTree │ │ │ │ │ ├── fast-json-stable-stringify@2.1.0
742 silly saveTree │ │ │ │ │ ├── json-schema-traverse@0.4.1
742 silly saveTree │ │ │ │ │ └─┬ uri-js@4.4.1
742 silly saveTree │ │ │ │ │   └── punycode@2.1.1
742 silly saveTree │ │ │ │ └── har-schema@2.0.0
742 silly saveTree │ │ │ ├─┬ http-signature@1.2.0
742 silly saveTree │ │ │ │ ├── assert-plus@1.0.0
742 silly saveTree │ │ │ │ ├─┬ jsprim@1.4.1
742 silly saveTree │ │ │ │ │ ├── extsprintf@1.3.0
742 silly saveTree │ │ │ │ │ ├── json-schema@0.2.3
742 silly saveTree │ │ │ │ │ └─┬ verror@1.10.0
742 silly saveTree │ │ │ │ │   └── core-util-is@1.0.2
742 silly saveTree │ │ │ │ └─┬ sshpk@1.16.1
742 silly saveTree │ │ │ │   ├─┬ asn1@0.2.4
742 silly saveTree │ │ │ │   │ └── safer-buffer@2.1.2
742 silly saveTree │ │ │ │   ├─┬ bcrypt-pbkdf@1.0.2
742 silly saveTree │ │ │ │   │ └── tweetnacl@0.14.5
742 silly saveTree │ │ │ │   ├── dashdash@1.14.1
742 silly saveTree │ │ │ │   ├─┬ ecc-jsbn@0.1.2
742 silly saveTree │ │ │ │   │ └── jsbn@0.1.1
742 silly saveTree │ │ │ │   ├── getpass@0.1.7
742 silly saveTree │ │ │ │   ├── jsbn@0.1.1
742 silly saveTree │ │ │ │   ├── safer-buffer@2.1.2
742 silly saveTree │ │ │ │   └── tweetnacl@0.14.5
742 silly saveTree │ │ │ ├── is-typedarray@1.0.0
742 silly saveTree │ │ │ ├── isstream@0.1.2
742 silly saveTree │ │ │ ├── json-stringify-safe@5.0.1
742 silly saveTree │ │ │ ├── mime-types@2.1.32
742 silly saveTree │ │ │ ├── oauth-sign@0.9.0
742 silly saveTree │ │ │ ├── performance-now@2.1.0
742 silly saveTree │ │ │ ├── qs@6.5.2
742 silly saveTree │ │ │ ├── safe-buffer@5.2.1
742 silly saveTree │ │ │ ├─┬ tough-cookie@2.5.0
742 silly saveTree │ │ │ │ └── psl@1.8.0
742 silly saveTree │ │ │ ├── tunnel-agent@0.6.0
742 silly saveTree │ │ │ └── uuid@3.4.0
742 silly saveTree │ │ ├── retry@0.9.0
742 silly saveTree │ │ ├── url-join@0.0.1
742 silly saveTree │ │ ├─┬ winston@2.4.5
742 silly saveTree │ │ │ ├── async@1.0.0
742 silly saveTree │ │ │ ├── colors@1.0.3
742 silly saveTree │ │ │ ├── cycle@1.0.3
742 silly saveTree │ │ │ ├── eyes@0.1.8
742 silly saveTree │ │ │ └── stack-trace@0.0.10
742 silly saveTree │ │ └─┬ ws@1.1.5
742 silly saveTree │ │   ├── options@0.0.6
742 silly saveTree │ │   └── ultron@1.0.2
742 silly saveTree │ ├── bluebird@3.7.2
742 silly saveTree │ └── lodash@4.17.21
742 silly saveTree ├─┬ hubot@3.3.2
742 silly saveTree │ ├── async@0.9.2
742 silly saveTree │ ├─┬ chalk@1.1.3
742 silly saveTree │ │ ├── ansi-styles@2.2.1
742 silly saveTree │ │ ├── escape-string-regexp@1.0.5
742 silly saveTree │ │ ├─┬ has-ansi@2.0.0
742 silly saveTree │ │ │ └── ansi-regex@2.1.1
742 silly saveTree │ │ ├── strip-ansi@3.0.1
742 silly saveTree │ │ └── supports-color@2.0.0
742 silly saveTree │ ├── cline@0.8.2
742 silly saveTree │ ├── coffeescript@1.6.3
742 silly saveTree │ ├─┬ connect-multiparty@2.2.0
742 silly saveTree │ │ ├─┬ http-errors@1.7.3
742 silly saveTree │ │ │ ├── depd@1.1.2
742 silly saveTree │ │ │ ├── setprototypeof@1.1.1
742 silly saveTree │ │ │ ├── statuses@1.5.0
742 silly saveTree │ │ │ └── toidentifier@1.0.0
742 silly saveTree │ │ ├─┬ multiparty@4.2.2
742 silly saveTree │ │ │ ├─┬ http-errors@1.8.0
742 silly saveTree │ │ │ │ └── setprototypeof@1.2.0
742 silly saveTree │ │ │ └─┬ uid-safe@2.1.5
742 silly saveTree │ │ │   └── random-bytes@1.0.0
742 silly saveTree │ │ ├─┬ on-finished@2.3.0
742 silly saveTree │ │ │ └── ee-first@1.1.1
742 silly saveTree │ │ └─┬ type-is@1.6.18
742 silly saveTree │ │   └── media-typer@0.3.0
742 silly saveTree │ ├─┬ express@4.17.1
742 silly saveTree │ │ ├─┬ accepts@1.3.7
742 silly saveTree │ │ │ └── negotiator@0.6.2
742 silly saveTree │ │ ├── array-flatten@1.1.1
742 silly saveTree │ │ ├─┬ body-parser@1.19.0
742 silly saveTree │ │ │ ├── bytes@3.1.0
742 silly saveTree │ │ │ ├── content-type@1.0.4
742 silly saveTree │ │ │ ├─┬ debug@2.6.9
742 silly saveTree │ │ │ │ └── ms@2.0.0
742 silly saveTree │ │ │ ├─┬ http-errors@1.7.2
742 silly saveTree │ │ │ │ └── inherits@2.0.3
742 silly saveTree │ │ │ ├── iconv-lite@0.4.24
742 silly saveTree │ │ │ ├── qs@6.7.0
742 silly saveTree │ │ │ └─┬ raw-body@2.4.0
742 silly saveTree │ │ │   ├─┬ http-errors@1.7.2
742 silly saveTree │ │ │   │ └── inherits@2.0.3
742 silly saveTree │ │ │   └── unpipe@1.0.0
742 silly saveTree │ │ ├─┬ content-disposition@0.5.3
742 silly saveTree │ │ │ └── safe-buffer@5.1.2
742 silly saveTree │ │ ├── content-type@1.0.4
742 silly saveTree │ │ ├── cookie-signature@1.0.6
742 silly saveTree │ │ ├── cookie@0.4.0
742 silly saveTree │ │ ├── debug@2.6.9
742 silly saveTree │ │ ├── encodeurl@1.0.2
742 silly saveTree │ │ ├── escape-html@1.0.3
742 silly saveTree │ │ ├── etag@1.8.1
742 silly saveTree │ │ ├─┬ finalhandler@1.1.2
742 silly saveTree │ │ │ └── parseurl@1.3.3
742 silly saveTree │ │ ├── fresh@0.5.2
742 silly saveTree │ │ ├── merge-descriptors@1.0.1
742 silly saveTree │ │ ├── methods@1.1.2
742 silly saveTree │ │ ├── parseurl@1.3.3
742 silly saveTree │ │ ├── path-to-regexp@0.1.7
742 silly saveTree │ │ ├─┬ proxy-addr@2.0.7
742 silly saveTree │ │ │ ├── forwarded@0.2.0
742 silly saveTree │ │ │ └── ipaddr.js@1.9.1
742 silly saveTree │ │ ├── qs@6.7.0
742 silly saveTree │ │ ├── range-parser@1.2.1
742 silly saveTree │ │ ├── safe-buffer@5.1.2
742 silly saveTree │ │ ├─┬ send@0.17.1
742 silly saveTree │ │ │ ├── destroy@1.0.4
742 silly saveTree │ │ │ ├── mime@1.6.0
742 silly saveTree │ │ │ └── ms@2.1.1
742 silly saveTree │ │ ├── serve-static@1.14.1
742 silly saveTree │ │ ├── utils-merge@1.0.1
742 silly saveTree │ │ └── vary@1.1.2
742 silly saveTree │ ├── log@1.4.0
742 silly saveTree │ ├── optparse@1.0.4
742 silly saveTree │ └── scoped-http-client@0.11.0
742 silly saveTree └── shuffleApp@file:shuffleApp
743 verbose stack Error: ENOENT: no such file or directory, rename '/home/shufflehubot/node_modules/hubot/node_modules/express' -> '/home/shufflehubot/node_modules/hubot/node_modules/.express.DELETE'
744 verbose cwd /home/shufflehubot
745 verbose Linux 5.4.72-microsoft-standard-WSL2
746 verbose argv "/usr/local/bin/node" "/usr/local/bin/npm" "install"
747 verbose node v14.15.4
748 verbose npm  v6.14.10
749 error code ENOENT
750 error syscall rename
751 error path /home/shufflehubot/node_modules/hubot/node_modules/express
752 error dest /home/shufflehubot/node_modules/hubot/node_modules/.express.DELETE
753 error errno -2
754 error enoent ENOENT: no such file or directory, rename '/home/shufflehubot/node_modules/hubot/node_modules/express' -> '/home/shufflehubot/node_modules/hubot/node_modules/.express.DELETE'
755 error enoent This is related to npm not being able to find a file.
756 verbose exit [ -2, true ]
