0 info it worked if it ends with ok
1 verbose cli [ '/usr/local/bin/node', '/usr/local/bin/npm', 'install' ]
2 info using npm@6.14.10
3 info using node@v14.15.4
4 verbose config Skipping project config: /home/shufflehubot/.npmrc. (matches userconfig)
5 verbose npm-session 8d89e7bb7eae04b1
6 silly install runPreinstallTopLevelLifecycles
7 silly preinstall shufflehubot@0.0.0
8 info lifecycle shufflehubot@0.0.0~preinstall: shufflehubot@0.0.0
9 silly install loadCurrentTree
10 silly install readLocalPackageData
11 timing stage:loadCurrentTree Completed in 513ms
12 silly install loadIdealTree
13 silly install cloneCurrentTreeToIdealTree
14 timing stage:loadIdealTree:cloneCurrentTree Completed in 2ms
15 silly install loadShrinkwrap
16 timing stage:loadIdealTree:loadShrinkwrap Completed in 115ms
17 silly install loadAllDepsIntoIdealTree
18 timing stage:loadIdealTree:loadAllDepsIntoIdealTree Completed in 150ms
19 timing stage:loadIdealTree Completed in 306ms
20 silly currentTree shufflehubot@0.0.0
20 silly currentTree ├─┬ @slack/client
20 silly currentTree │ └── async@1.5.2
20 silly currentTree ├── accepts@1.3.7
20 silly currentTree ├── agent-base@4.3.0
20 silly currentTree ├── ajv@6.12.6
20 silly currentTree ├── ansi-regex@2.1.1
20 silly currentTree ├── ansi-styles@2.2.1
20 silly currentTree ├── array-flatten@1.1.1
20 silly currentTree ├── asn1@0.2.4
20 silly currentTree ├── assert-plus@1.0.0
20 silly currentTree ├── async@0.9.2
20 silly currentTree ├── asynckit@0.4.0
20 silly currentTree ├── aws-sign2@0.7.0
20 silly currentTree ├── aws4@1.11.0
20 silly currentTree ├── bcrypt-pbkdf@1.0.2
20 silly currentTree ├── bluebird@3.7.2
20 silly currentTree ├─┬ body-parser
20 silly currentTree │ ├── http-errors@1.7.2
20 silly currentTree │ ├── inherits@2.0.3
20 silly currentTree │ └── qs@6.7.0
20 silly currentTree ├── bytes@3.1.0
20 silly currentTree ├── caseless@0.12.0
20 silly currentTree ├── chalk@1.1.3
20 silly currentTree ├── cline@0.8.2
20 silly currentTree ├── coffeescript@1.6.3
20 silly currentTree ├── colors@1.0.3
20 silly currentTree ├── combined-stream@1.0.8
20 silly currentTree ├── connect-multiparty@2.2.0
20 silly currentTree ├─┬ content-disposition@0.5.3
20 silly currentTree │ └── safe-buffer@5.1.2
20 silly currentTree ├── content-type@1.0.4
20 silly currentTree ├── cookie-signature@1.0.6
20 silly currentTree ├── cookie@0.4.0
20 silly currentTree ├── core-util-is@1.0.2
20 silly currentTree ├── cycle@1.0.3
20 silly currentTree ├── dashdash@1.14.1
20 silly currentTree ├── debug@2.6.9
20 silly currentTree ├── delayed-stream@1.0.0
20 silly currentTree ├── depd@1.1.2
20 silly currentTree ├── destroy@1.0.4
20 silly currentTree ├── double-ended-queue@2.1.0-0
20 silly currentTree ├── ecc-jsbn@0.1.2
20 silly currentTree ├── ee-first@1.1.1
20 silly currentTree ├── encodeurl@1.0.2
20 silly currentTree ├── es6-promise@4.2.8
20 silly currentTree ├── es6-promisify@5.0.0
20 silly currentTree ├── escape-html@1.0.3
20 silly currentTree ├── escape-string-regexp@1.0.5
20 silly currentTree ├── etag@1.8.1
20 silly currentTree ├── eventemitter3@1.2.0
20 silly currentTree ├── extend@3.0.2
20 silly currentTree ├── extsprintf@1.3.0
20 silly currentTree ├── eyes@0.1.8
20 silly currentTree ├── fast-deep-equal@3.1.3
20 silly currentTree ├── fast-json-stable-stringify@2.1.0
20 silly currentTree ├── forever-agent@0.6.1
20 silly currentTree ├── form-data@2.3.3
20 silly currentTree ├── forwarded@0.2.0
20 silly currentTree ├── fresh@0.5.2
20 silly currentTree ├── getpass@0.1.7
20 silly currentTree ├── har-schema@2.0.0
20 silly currentTree ├── har-validator@5.1.5
20 silly currentTree ├── has-ansi@2.0.0
20 silly currentTree ├── http-errors@1.7.3
20 silly currentTree ├── http-signature
20 silly currentTree ├─┬ https-proxy-agent@2.2.4
20 silly currentTree │ ├── debug@3.2.7
20 silly currentTree │ └── ms@2.1.3
20 silly currentTree ├─┬ hubot
20 silly currentTree │ ├── qs@6.7.0
20 silly currentTree │ └── safe-buffer@5.1.2
20 silly currentTree ├── hubot-diagnostics
20 silly currentTree ├── hubot-google-images
20 silly currentTree ├── hubot-google-translate
20 silly currentTree ├── hubot-help
20 silly currentTree ├── hubot-heroku-keepalive
20 silly currentTree ├── hubot-maps
20 silly currentTree ├── hubot-pugme
20 silly currentTree ├── hubot-redis-brain
20 silly currentTree ├── hubot-rules
20 silly currentTree ├─┬ hubot-scripts
20 silly currentTree │ └── redis@0.8.4
20 silly currentTree ├── hubot-shipit
20 silly currentTree ├── hubot-slack
20 silly currentTree ├── iconv-lite@0.4.24
20 silly currentTree ├── inherits@2.0.4
20 silly currentTree ├── ipaddr.js@1.9.1
20 silly currentTree ├── is-typedarray@1.0.0
20 silly currentTree ├── isstream@0.1.2
20 silly currentTree ├── jsbn@0.1.1
20 silly currentTree ├── json-schema-traverse@0.4.1
20 silly currentTree ├── json-schema@0.2.3
20 silly currentTree ├── json-stringify-safe@5.0.1
20 silly currentTree ├── lodash@4.17.21
20 silly currentTree ├── log@1.4.0
20 silly currentTree ├── media-typer@0.3.0
20 silly currentTree ├── merge-descriptors@1.0.1
20 silly currentTree ├── methods@1.1.2
20 silly currentTree ├── mime-db@1.49.0
20 silly currentTree ├── mime-types@2.1.32
20 silly currentTree ├── mime@1.6.0
20 silly currentTree ├── ms@2.0.0
20 silly currentTree ├─┬ multiparty@4.2.2
20 silly currentTree │ ├── http-errors@1.8.0
20 silly currentTree │ └── setprototypeof@1.2.0
20 silly currentTree ├── negotiator@0.6.2
20 silly currentTree ├── oauth-sign@0.9.0
20 silly currentTree ├── on-finished@2.3.0
20 silly currentTree ├── options@0.0.6
20 silly currentTree ├── optparse@1.0.4
20 silly currentTree ├── parseurl@1.3.3
20 silly currentTree ├── path-to-regexp@0.1.7
20 silly currentTree ├── performance-now@2.1.0
20 silly currentTree ├── pkginfo@0.4.1
20 silly currentTree ├── proxy-addr@2.0.7
20 silly currentTree ├── psl@1.8.0
20 silly currentTree ├── punycode@2.1.1
20 silly currentTree ├── qs@6.5.2
20 silly currentTree ├── random-bytes@1.0.0
20 silly currentTree ├── range-parser@1.2.1
20 silly currentTree ├── raw-body
20 silly currentTree ├── redis-commands@1.7.0
20 silly currentTree ├── redis-parser@2.6.0
20 silly currentTree ├── redis@2.8.0
20 silly currentTree ├── request
20 silly currentTree ├── retry@0.9.0
20 silly currentTree ├── safe-buffer@5.2.1
20 silly currentTree ├── safer-buffer@2.1.2
20 silly currentTree ├── scoped-http-client@0.11.0
20 silly currentTree ├─┬ send@0.17.1
20 silly currentTree │ └── ms@2.1.1
20 silly currentTree ├── serve-static@1.14.1
20 silly currentTree ├── setprototypeof@1.1.1
20 silly currentTree ├── sshpk@1.16.1
20 silly currentTree ├── stack-trace@0.0.10
20 silly currentTree ├── statuses@1.5.0
20 silly currentTree ├── strip-ansi@3.0.1
20 silly currentTree ├── supports-color@2.0.0
20 silly currentTree ├── toidentifier@1.0.0
20 silly currentTree ├── tough-cookie@2.5.0
20 silly currentTree ├── tunnel-agent@0.6.0
20 silly currentTree ├── tweetnacl@0.14.5
20 silly currentTree ├── type-is@1.6.18
20 silly currentTree ├── uid-safe@2.1.5
20 silly currentTree ├── ultron@1.0.2
20 silly currentTree ├── uri-js@4.4.1
20 silly currentTree ├── url-join@0.0.1
20 silly currentTree └── uuid@3.4.0
21 silly idealTree shufflehubot@0.0.0
21 silly idealTree ├─┬ @slack/client@3.16.1-sec.2
21 silly idealTree │ └── async@1.5.2
21 silly idealTree ├── accepts@1.3.7
21 silly idealTree ├── agent-base@4.3.0
21 silly idealTree ├── ajv@6.12.6
21 silly idealTree ├── ansi-regex@2.1.1
21 silly idealTree ├── ansi-styles@2.2.1
21 silly idealTree ├── array-flatten@1.1.1
21 silly idealTree ├── asn1@0.2.4
21 silly idealTree ├── assert-plus@1.0.0
21 silly idealTree ├── async@0.9.2
21 silly idealTree ├── asynckit@0.4.0
21 silly idealTree ├── aws-sign2@0.7.0
21 silly idealTree ├── aws4@1.11.0
21 silly idealTree ├── bcrypt-pbkdf@1.0.2
21 silly idealTree ├── bluebird@3.7.2
21 silly idealTree ├─┬ body-parser@1.19.0
21 silly idealTree │ ├── http-errors@1.7.2
21 silly idealTree │ ├── inherits@2.0.3
21 silly idealTree │ └── qs@6.7.0
21 silly idealTree ├── bytes@3.1.0
21 silly idealTree ├── caseless@0.12.0
21 silly idealTree ├── chalk@1.1.3
21 silly idealTree ├── cline@0.8.2
21 silly idealTree ├── coffeescript@1.6.3
21 silly idealTree ├── colors@1.0.3
21 silly idealTree ├── combined-stream@1.0.8
21 silly idealTree ├── connect-multiparty@2.2.0
21 silly idealTree ├─┬ content-disposition@0.5.3
21 silly idealTree │ └── safe-buffer@5.1.2
21 silly idealTree ├── content-type@1.0.4
21 silly idealTree ├── cookie-signature@1.0.6
21 silly idealTree ├── cookie@0.4.0
21 silly idealTree ├── core-util-is@1.0.2
21 silly idealTree ├── cycle@1.0.3
21 silly idealTree ├── dashdash@1.14.1
21 silly idealTree ├── debug@2.6.9
21 silly idealTree ├── delayed-stream@1.0.0
21 silly idealTree ├── depd@1.1.2
21 silly idealTree ├── destroy@1.0.4
21 silly idealTree ├── double-ended-queue@2.1.0-0
21 silly idealTree ├── ecc-jsbn@0.1.2
21 silly idealTree ├── ee-first@1.1.1
21 silly idealTree ├── encodeurl@1.0.2
21 silly idealTree ├── es6-promise@4.2.8
21 silly idealTree ├── es6-promisify@5.0.0
21 silly idealTree ├── escape-html@1.0.3
21 silly idealTree ├── escape-string-regexp@1.0.5
21 silly idealTree ├── etag@1.8.1
21 silly idealTree ├── eventemitter3@1.2.0
21 silly idealTree ├── extend@3.0.2
21 silly idealTree ├── extsprintf@1.3.0
21 silly idealTree ├── eyes@0.1.8
21 silly idealTree ├── fast-deep-equal@3.1.3
21 silly idealTree ├── fast-json-stable-stringify@2.1.0
21 silly idealTree ├── finalhandler@1.1.2
21 silly idealTree ├── forever-agent@0.6.1
21 silly idealTree ├── form-data@2.3.3
21 silly idealTree ├── forwarded@0.2.0
21 silly idealTree ├── fresh@0.5.2
21 silly idealTree ├── getpass@0.1.7
21 silly idealTree ├── har-schema@2.0.0
21 silly idealTree ├── har-validator@5.1.5
21 silly idealTree ├── has-ansi@2.0.0
21 silly idealTree ├── http-errors@1.7.3
21 silly idealTree ├── http-signature@1.2.0
21 silly idealTree ├─┬ https-proxy-agent@2.2.4
21 silly idealTree │ ├── debug@3.2.7
21 silly idealTree │ └── ms@2.1.3
21 silly idealTree ├── hubot-diagnostics@1.0.0
21 silly idealTree ├── hubot-google-images@0.2.7
21 silly idealTree ├── hubot-google-translate@0.2.1
21 silly idealTree ├── hubot-help@1.0.1
21 silly idealTree ├── hubot-heroku-keepalive@1.0.3
21 silly idealTree ├── hubot-maps@0.0.3
21 silly idealTree ├── hubot-pugme@0.1.1
21 silly idealTree ├── hubot-redis-brain@1.0.0
21 silly idealTree ├── hubot-rules@1.0.0
21 silly idealTree ├─┬ hubot-scripts@2.17.2
21 silly idealTree │ └── redis@0.8.4
21 silly idealTree ├── hubot-shipit@0.2.1
21 silly idealTree ├── hubot-slack@4.9.0
21 silly idealTree ├─┬ hubot@3.3.2
21 silly idealTree │ ├── express@4.17.1
21 silly idealTree │ ├── qs@6.7.0
21 silly idealTree │ └── safe-buffer@5.1.2
21 silly idealTree ├── iconv-lite@0.4.24
21 silly idealTree ├── inherits@2.0.4
21 silly idealTree ├── ipaddr.js@1.9.1
21 silly idealTree ├── is-typedarray@1.0.0
21 silly idealTree ├── isstream@0.1.2
21 silly idealTree ├── jsbn@0.1.1
21 silly idealTree ├── json-schema-traverse@0.4.1
21 silly idealTree ├── json-schema@0.2.3
21 silly idealTree ├── json-stringify-safe@5.0.1
21 silly idealTree ├── jsprim@1.4.1
21 silly idealTree ├── lodash@4.17.21
21 silly idealTree ├── log@1.4.0
21 silly idealTree ├── media-typer@0.3.0
21 silly idealTree ├── merge-descriptors@1.0.1
21 silly idealTree ├── methods@1.1.2
21 silly idealTree ├── mime-db@1.49.0
21 silly idealTree ├── mime-types@2.1.32
21 silly idealTree ├── mime@1.6.0
21 silly idealTree ├── ms@2.0.0
21 silly idealTree ├─┬ multiparty@4.2.2
21 silly idealTree │ ├── http-errors@1.8.0
21 silly idealTree │ └── setprototypeof@1.2.0
21 silly idealTree ├── negotiator@0.6.2
21 silly idealTree ├── oauth-sign@0.9.0
21 silly idealTree ├── on-finished@2.3.0
21 silly idealTree ├── options@0.0.6
21 silly idealTree ├── optparse@1.0.4
21 silly idealTree ├── parseurl@1.3.3
21 silly idealTree ├── path-to-regexp@0.1.7
21 silly idealTree ├── performance-now@2.1.0
21 silly idealTree ├── pkginfo@0.4.1
21 silly idealTree ├── proxy-addr@2.0.7
21 silly idealTree ├── psl@1.8.0
21 silly idealTree ├── punycode@2.1.1
21 silly idealTree ├── qs@6.5.2
21 silly idealTree ├── random-bytes@1.0.0
21 silly idealTree ├── range-parser@1.2.1
21 silly idealTree ├─┬ raw-body@2.4.0
21 silly idealTree │ ├── http-errors@1.7.2
21 silly idealTree │ └── inherits@2.0.3
21 silly idealTree ├── redis-commands@1.7.0
21 silly idealTree ├── redis-parser@2.6.0
21 silly idealTree ├── redis@2.8.0
21 silly idealTree ├── request@2.88.2
21 silly idealTree ├── retry@0.9.0
21 silly idealTree ├── safe-buffer@5.2.1
21 silly idealTree ├── safer-buffer@2.1.2
21 silly idealTree ├── scoped-http-client@0.11.0
21 silly idealTree ├─┬ send@0.17.1
21 silly idealTree │ └── ms@2.1.1
21 silly idealTree ├── serve-static@1.14.1
21 silly idealTree ├── setprototypeof@1.1.1
21 silly idealTree ├── shuffleApp@file:shuffleApp
21 silly idealTree ├── sshpk@1.16.1
21 silly idealTree ├── stack-trace@0.0.10
21 silly idealTree ├── statuses@1.5.0
21 silly idealTree ├── strip-ansi@3.0.1
21 silly idealTree ├── supports-color@2.0.0
21 silly idealTree ├── toidentifier@1.0.0
21 silly idealTree ├── tough-cookie@2.5.0
21 silly idealTree ├── tunnel-agent@0.6.0
21 silly idealTree ├── tweetnacl@0.14.5
21 silly idealTree ├── type-is@1.6.18
21 silly idealTree ├── uid-safe@2.1.5
21 silly idealTree ├── ultron@1.0.2
21 silly idealTree ├── unpipe@1.0.0
21 silly idealTree ├── uri-js@4.4.1
21 silly idealTree ├── url-join@0.0.1
21 silly idealTree ├── utils-merge@1.0.1
21 silly idealTree ├── uuid@3.4.0
21 silly idealTree ├── vary@1.1.2
21 silly idealTree ├── verror@1.10.0
21 silly idealTree ├─┬ winston@2.4.5
21 silly idealTree │ └── async@1.0.0
21 silly idealTree └── ws@1.1.5
22 silly install generateActionsToTake
23 timing stage:generateActionsToTake Completed in 89ms
24 silly diffTrees action count 31
25 silly diffTrees add inherits@2.0.3
26 silly diffTrees add http-errors@1.7.2
27 silly diffTrees add unpipe@1.0.0
28 silly diffTrees add finalhandler@1.1.2
29 silly diffTrees update raw-body@2.4.0
30 silly diffTrees update body-parser@1.19.0
31 silly diffTrees add utils-merge@1.0.1
32 silly diffTrees add vary@1.1.2
33 silly diffTrees add express@4.17.1
34 silly diffTrees add verror@1.10.0
35 silly diffTrees add jsprim@1.4.1
36 silly diffTrees update http-signature@1.2.0
37 silly diffTrees update request@2.88.2
38 silly diffTrees add async@1.0.0
39 silly diffTrees add winston@2.4.5
40 silly diffTrees add ws@1.1.5
41 silly diffTrees update @slack/client@3.16.1-sec.2
42 silly diffTrees update hubot@3.3.2
43 silly diffTrees update hubot-diagnostics@1.0.0
44 silly diffTrees update hubot-google-images@0.2.7
45 silly diffTrees update hubot-google-translate@0.2.1
46 silly diffTrees update hubot-help@1.0.1
47 silly diffTrees update hubot-heroku-keepalive@1.0.3
48 silly diffTrees update hubot-maps@0.0.3
49 silly diffTrees update hubot-pugme@0.1.1
50 silly diffTrees update hubot-redis-brain@1.0.0
51 silly diffTrees update hubot-rules@1.0.0
52 silly diffTrees update hubot-scripts@2.17.2
53 silly diffTrees update hubot-shipit@0.2.1
54 silly diffTrees update hubot-slack@4.9.0
55 silly diffTrees add shuffleApp@file:shuffleApp
56 silly decomposeActions action count 282
57 silly decomposeActions fetch inherits@2.0.3
58 silly decomposeActions extract inherits@2.0.3
59 silly decomposeActions preinstall inherits@2.0.3
60 silly decomposeActions build inherits@2.0.3
61 silly decomposeActions install inherits@2.0.3
62 silly decomposeActions postinstall inherits@2.0.3
63 silly decomposeActions finalize inherits@2.0.3
64 silly decomposeActions refresh-package-json inherits@2.0.3
65 silly decomposeActions fetch http-errors@1.7.2
66 silly decomposeActions extract http-errors@1.7.2
67 silly decomposeActions preinstall http-errors@1.7.2
68 silly decomposeActions build http-errors@1.7.2
69 silly decomposeActions install http-errors@1.7.2
70 silly decomposeActions postinstall http-errors@1.7.2
71 silly decomposeActions finalize http-errors@1.7.2
72 silly decomposeActions refresh-package-json http-errors@1.7.2
73 silly decomposeActions fetch unpipe@1.0.0
74 silly decomposeActions extract unpipe@1.0.0
75 silly decomposeActions preinstall unpipe@1.0.0
76 silly decomposeActions build unpipe@1.0.0
77 silly decomposeActions install unpipe@1.0.0
78 silly decomposeActions postinstall unpipe@1.0.0
79 silly decomposeActions finalize unpipe@1.0.0
80 silly decomposeActions refresh-package-json unpipe@1.0.0
81 silly decomposeActions fetch finalhandler@1.1.2
82 silly decomposeActions extract finalhandler@1.1.2
83 silly decomposeActions preinstall finalhandler@1.1.2
84 silly decomposeActions build finalhandler@1.1.2
85 silly decomposeActions install finalhandler@1.1.2
86 silly decomposeActions postinstall finalhandler@1.1.2
87 silly decomposeActions finalize finalhandler@1.1.2
88 silly decomposeActions refresh-package-json finalhandler@1.1.2
89 silly decomposeActions unbuild raw-body
90 silly decomposeActions remove raw-body
91 silly decomposeActions fetch raw-body@2.4.0
92 silly decomposeActions extract raw-body@2.4.0
93 silly decomposeActions preinstall raw-body@2.4.0
94 silly decomposeActions build raw-body@2.4.0
95 silly decomposeActions install raw-body@2.4.0
96 silly decomposeActions postinstall raw-body@2.4.0
97 silly decomposeActions finalize raw-body@2.4.0
98 silly decomposeActions refresh-package-json raw-body@2.4.0
99 silly decomposeActions unbuild body-parser
100 silly decomposeActions remove body-parser
101 silly decomposeActions fetch body-parser@1.19.0
102 silly decomposeActions extract body-parser@1.19.0
103 silly decomposeActions preinstall body-parser@1.19.0
104 silly decomposeActions build body-parser@1.19.0
105 silly decomposeActions install body-parser@1.19.0
106 silly decomposeActions postinstall body-parser@1.19.0
107 silly decomposeActions finalize body-parser@1.19.0
108 silly decomposeActions refresh-package-json body-parser@1.19.0
109 silly decomposeActions fetch utils-merge@1.0.1
110 silly decomposeActions extract utils-merge@1.0.1
111 silly decomposeActions preinstall utils-merge@1.0.1
112 silly decomposeActions build utils-merge@1.0.1
113 silly decomposeActions install utils-merge@1.0.1
114 silly decomposeActions postinstall utils-merge@1.0.1
115 silly decomposeActions finalize utils-merge@1.0.1
116 silly decomposeActions refresh-package-json utils-merge@1.0.1
117 silly decomposeActions fetch vary@1.1.2
118 silly decomposeActions extract vary@1.1.2
119 silly decomposeActions preinstall vary@1.1.2
120 silly decomposeActions build vary@1.1.2
121 silly decomposeActions install vary@1.1.2
122 silly decomposeActions postinstall vary@1.1.2
123 silly decomposeActions finalize vary@1.1.2
124 silly decomposeActions refresh-package-json vary@1.1.2
125 silly decomposeActions fetch express@4.17.1
126 silly decomposeActions extract express@4.17.1
127 silly decomposeActions preinstall express@4.17.1
128 silly decomposeActions build express@4.17.1
129 silly decomposeActions install express@4.17.1
130 silly decomposeActions postinstall express@4.17.1
131 silly decomposeActions finalize express@4.17.1
132 silly decomposeActions refresh-package-json express@4.17.1
133 silly decomposeActions fetch verror@1.10.0
134 silly decomposeActions extract verror@1.10.0
135 silly decomposeActions preinstall verror@1.10.0
136 silly decomposeActions build verror@1.10.0
137 silly decomposeActions install verror@1.10.0
138 silly decomposeActions postinstall verror@1.10.0
139 silly decomposeActions finalize verror@1.10.0
140 silly decomposeActions refresh-package-json verror@1.10.0
141 silly decomposeActions fetch jsprim@1.4.1
142 silly decomposeActions extract jsprim@1.4.1
143 silly decomposeActions preinstall jsprim@1.4.1
144 silly decomposeActions build jsprim@1.4.1
145 silly decomposeActions install jsprim@1.4.1
146 silly decomposeActions postinstall jsprim@1.4.1
147 silly decomposeActions finalize jsprim@1.4.1
148 silly decomposeActions refresh-package-json jsprim@1.4.1
149 silly decomposeActions unbuild http-signature
150 silly decomposeActions remove http-signature
151 silly decomposeActions fetch http-signature@1.2.0
152 silly decomposeActions extract http-signature@1.2.0
153 silly decomposeActions preinstall http-signature@1.2.0
154 silly decomposeActions build http-signature@1.2.0
155 silly decomposeActions install http-signature@1.2.0
156 silly decomposeActions postinstall http-signature@1.2.0
157 silly decomposeActions finalize http-signature@1.2.0
158 silly decomposeActions refresh-package-json http-signature@1.2.0
159 silly decomposeActions unbuild request
160 silly decomposeActions remove request
161 silly decomposeActions fetch request@2.88.2
162 silly decomposeActions extract request@2.88.2
163 silly decomposeActions preinstall request@2.88.2
164 silly decomposeActions build request@2.88.2
165 silly decomposeActions install request@2.88.2
166 silly decomposeActions postinstall request@2.88.2
167 silly decomposeActions finalize request@2.88.2
168 silly decomposeActions refresh-package-json request@2.88.2
169 silly decomposeActions fetch async@1.0.0
170 silly decomposeActions extract async@1.0.0
171 silly decomposeActions preinstall async@1.0.0
172 silly decomposeActions build async@1.0.0
173 silly decomposeActions install async@1.0.0
174 silly decomposeActions postinstall async@1.0.0
175 silly decomposeActions finalize async@1.0.0
176 silly decomposeActions refresh-package-json async@1.0.0
177 silly decomposeActions fetch winston@2.4.5
178 silly decomposeActions extract winston@2.4.5
179 silly decomposeActions preinstall winston@2.4.5
180 silly decomposeActions build winston@2.4.5
181 silly decomposeActions install winston@2.4.5
182 silly decomposeActions postinstall winston@2.4.5
183 silly decomposeActions finalize winston@2.4.5
184 silly decomposeActions refresh-package-json winston@2.4.5
185 silly decomposeActions fetch ws@1.1.5
186 silly decomposeActions extract ws@1.1.5
187 silly decomposeActions preinstall ws@1.1.5
188 silly decomposeActions build ws@1.1.5
189 silly decomposeActions install ws@1.1.5
190 silly decomposeActions postinstall ws@1.1.5
191 silly decomposeActions finalize ws@1.1.5
192 silly decomposeActions refresh-package-json ws@1.1.5
193 silly decomposeActions unbuild @slack/client
194 silly decomposeActions remove @slack/client
195 silly decomposeActions fetch @slack/client@3.16.1-sec.2
196 silly decomposeActions extract @slack/client@3.16.1-sec.2
197 silly decomposeActions preinstall @slack/client@3.16.1-sec.2
198 silly decomposeActions build @slack/client@3.16.1-sec.2
199 silly decomposeActions install @slack/client@3.16.1-sec.2
200 silly decomposeActions postinstall @slack/client@3.16.1-sec.2
201 silly decomposeActions finalize @slack/client@3.16.1-sec.2
202 silly decomposeActions refresh-package-json @slack/client@3.16.1-sec.2
203 silly decomposeActions unbuild hubot
204 silly decomposeActions remove hubot
205 silly decomposeActions fetch hubot@3.3.2
206 silly decomposeActions extract hubot@3.3.2
207 silly decomposeActions preinstall hubot@3.3.2
208 silly decomposeActions build hubot@3.3.2
209 silly decomposeActions install hubot@3.3.2
210 silly decomposeActions postinstall hubot@3.3.2
211 silly decomposeActions finalize hubot@3.3.2
212 silly decomposeActions refresh-package-json hubot@3.3.2
213 silly decomposeActions unbuild hubot-diagnostics
214 silly decomposeActions remove hubot-diagnostics
215 silly decomposeActions fetch hubot-diagnostics@1.0.0
216 silly decomposeActions extract hubot-diagnostics@1.0.0
217 silly decomposeActions preinstall hubot-diagnostics@1.0.0
218 silly decomposeActions build hubot-diagnostics@1.0.0
219 silly decomposeActions install hubot-diagnostics@1.0.0
220 silly decomposeActions postinstall hubot-diagnostics@1.0.0
221 silly decomposeActions finalize hubot-diagnostics@1.0.0
222 silly decomposeActions refresh-package-json hubot-diagnostics@1.0.0
223 silly decomposeActions unbuild hubot-google-images
224 silly decomposeActions remove hubot-google-images
225 silly decomposeActions fetch hubot-google-images@0.2.7
226 silly decomposeActions extract hubot-google-images@0.2.7
227 silly decomposeActions preinstall hubot-google-images@0.2.7
228 silly decomposeActions build hubot-google-images@0.2.7
229 silly decomposeActions install hubot-google-images@0.2.7
230 silly decomposeActions postinstall hubot-google-images@0.2.7
231 silly decomposeActions finalize hubot-google-images@0.2.7
232 silly decomposeActions refresh-package-json hubot-google-images@0.2.7
233 silly decomposeActions unbuild hubot-google-translate
234 silly decomposeActions remove hubot-google-translate
235 silly decomposeActions fetch hubot-google-translate@0.2.1
236 silly decomposeActions extract hubot-google-translate@0.2.1
237 silly decomposeActions preinstall hubot-google-translate@0.2.1
238 silly decomposeActions build hubot-google-translate@0.2.1
239 silly decomposeActions install hubot-google-translate@0.2.1
240 silly decomposeActions postinstall hubot-google-translate@0.2.1
241 silly decomposeActions finalize hubot-google-translate@0.2.1
242 silly decomposeActions refresh-package-json hubot-google-translate@0.2.1
243 silly decomposeActions unbuild hubot-help
244 silly decomposeActions remove hubot-help
245 silly decomposeActions fetch hubot-help@1.0.1
246 silly decomposeActions extract hubot-help@1.0.1
247 silly decomposeActions preinstall hubot-help@1.0.1
248 silly decomposeActions build hubot-help@1.0.1
249 silly decomposeActions install hubot-help@1.0.1
250 silly decomposeActions postinstall hubot-help@1.0.1
251 silly decomposeActions finalize hubot-help@1.0.1
252 silly decomposeActions refresh-package-json hubot-help@1.0.1
253 silly decomposeActions unbuild hubot-heroku-keepalive
254 silly decomposeActions remove hubot-heroku-keepalive
255 silly decomposeActions fetch hubot-heroku-keepalive@1.0.3
256 silly decomposeActions extract hubot-heroku-keepalive@1.0.3
257 silly decomposeActions preinstall hubot-heroku-keepalive@1.0.3
258 silly decomposeActions build hubot-heroku-keepalive@1.0.3
259 silly decomposeActions install hubot-heroku-keepalive@1.0.3
260 silly decomposeActions postinstall hubot-heroku-keepalive@1.0.3
261 silly decomposeActions finalize hubot-heroku-keepalive@1.0.3
262 silly decomposeActions refresh-package-json hubot-heroku-keepalive@1.0.3
263 silly decomposeActions unbuild hubot-maps
264 silly decomposeActions remove hubot-maps
265 silly decomposeActions fetch hubot-maps@0.0.3
266 silly decomposeActions extract hubot-maps@0.0.3
267 silly decomposeActions preinstall hubot-maps@0.0.3
268 silly decomposeActions build hubot-maps@0.0.3
269 silly decomposeActions install hubot-maps@0.0.3
270 silly decomposeActions postinstall hubot-maps@0.0.3
271 silly decomposeActions finalize hubot-maps@0.0.3
272 silly decomposeActions refresh-package-json hubot-maps@0.0.3
273 silly decomposeActions unbuild hubot-pugme
274 silly decomposeActions remove hubot-pugme
275 silly decomposeActions fetch hubot-pugme@0.1.1
276 silly decomposeActions extract hubot-pugme@0.1.1
277 silly decomposeActions preinstall hubot-pugme@0.1.1
278 silly decomposeActions build hubot-pugme@0.1.1
279 silly decomposeActions install hubot-pugme@0.1.1
280 silly decomposeActions postinstall hubot-pugme@0.1.1
281 silly decomposeActions finalize hubot-pugme@0.1.1
282 silly decomposeActions refresh-package-json hubot-pugme@0.1.1
283 silly decomposeActions unbuild hubot-redis-brain
284 silly decomposeActions remove hubot-redis-brain
285 silly decomposeActions fetch hubot-redis-brain@1.0.0
286 silly decomposeActions extract hubot-redis-brain@1.0.0
287 silly decomposeActions preinstall hubot-redis-brain@1.0.0
288 silly decomposeActions build hubot-redis-brain@1.0.0
289 silly decomposeActions install hubot-redis-brain@1.0.0
290 silly decomposeActions postinstall hubot-redis-brain@1.0.0
291 silly decomposeActions finalize hubot-redis-brain@1.0.0
292 silly decomposeActions refresh-package-json hubot-redis-brain@1.0.0
293 silly decomposeActions unbuild hubot-rules
294 silly decomposeActions remove hubot-rules
295 silly decomposeActions fetch hubot-rules@1.0.0
296 silly decomposeActions extract hubot-rules@1.0.0
297 silly decomposeActions preinstall hubot-rules@1.0.0
298 silly decomposeActions build hubot-rules@1.0.0
299 silly decomposeActions install hubot-rules@1.0.0
300 silly decomposeActions postinstall hubot-rules@1.0.0
301 silly decomposeActions finalize hubot-rules@1.0.0
302 silly decomposeActions refresh-package-json hubot-rules@1.0.0
303 silly decomposeActions unbuild hubot-scripts
304 silly decomposeActions remove hubot-scripts
305 silly decomposeActions fetch hubot-scripts@2.17.2
306 silly decomposeActions extract hubot-scripts@2.17.2
307 silly decomposeActions preinstall hubot-scripts@2.17.2
308 silly decomposeActions build hubot-scripts@2.17.2
309 silly decomposeActions install hubot-scripts@2.17.2
310 silly decomposeActions postinstall hubot-scripts@2.17.2
311 silly decomposeActions finalize hubot-scripts@2.17.2
312 silly decomposeActions refresh-package-json hubot-scripts@2.17.2
313 silly decomposeActions unbuild hubot-shipit
314 silly decomposeActions remove hubot-shipit
315 silly decomposeActions fetch hubot-shipit@0.2.1
316 silly decomposeActions extract hubot-shipit@0.2.1
317 silly decomposeActions preinstall hubot-shipit@0.2.1
318 silly decomposeActions build hubot-shipit@0.2.1
319 silly decomposeActions install hubot-shipit@0.2.1
320 silly decomposeActions postinstall hubot-shipit@0.2.1
321 silly decomposeActions finalize hubot-shipit@0.2.1
322 silly decomposeActions refresh-package-json hubot-shipit@0.2.1
323 silly decomposeActions unbuild hubot-slack
324 silly decomposeActions remove hubot-slack
325 silly decomposeActions fetch hubot-slack@4.9.0
326 silly decomposeActions extract hubot-slack@4.9.0
327 silly decomposeActions preinstall hubot-slack@4.9.0
328 silly decomposeActions build hubot-slack@4.9.0
329 silly decomposeActions install hubot-slack@4.9.0
330 silly decomposeActions postinstall hubot-slack@4.9.0
331 silly decomposeActions finalize hubot-slack@4.9.0
332 silly decomposeActions refresh-package-json hubot-slack@4.9.0
333 silly decomposeActions preinstall shuffleApp@file:shuffleApp
334 silly decomposeActions build shuffleApp@file:shuffleApp
335 silly decomposeActions install shuffleApp@file:shuffleApp
336 silly decomposeActions postinstall shuffleApp@file:shuffleApp
337 silly decomposeActions finalize shuffleApp@file:shuffleApp
338 silly decomposeActions refresh-package-json shuffleApp@file:shuffleApp
339 silly install executeActions
340 silly doSerial global-install 282
341 verbose correctMkdir /home/shufflehubot/.npm/_locks correctMkdir not in flight; initializing
342 verbose lock using /home/shufflehubot/.npm/_locks/staging-d559f62f37b9e887.lock for /home/shufflehubot/node_modules/.staging
343 silly doParallel extract 30
344 silly extract inherits@2.0.3
345 silly extract http-errors@1.7.2
346 silly extract unpipe@1.0.0
347 silly extract finalhandler@1.1.2
348 silly extract raw-body@2.4.0
349 silly extract body-parser@1.19.0
350 silly extract utils-merge@1.0.1
351 silly extract vary@1.1.2
352 silly extract express@4.17.1
353 silly extract verror@1.10.0
354 silly extract jsprim@1.4.1
355 silly extract http-signature@1.2.0
356 silly extract request@2.88.2
357 silly extract async@1.0.0
358 silly extract winston@2.4.5
359 silly extract ws@1.1.5
360 silly extract @slack/client@3.16.1-sec.2
361 silly extract hubot@3.3.2
362 silly extract hubot-diagnostics@1.0.0
363 silly extract hubot-google-images@0.2.7
364 silly extract hubot-google-translate@0.2.1
365 silly extract hubot-help@1.0.1
366 silly extract hubot-heroku-keepalive@1.0.3
367 silly extract hubot-maps@0.0.3
368 silly extract hubot-pugme@0.1.1
369 silly extract hubot-redis-brain@1.0.0
370 silly extract hubot-rules@1.0.0
371 silly extract hubot-scripts@2.17.2
372 silly extract hubot-shipit@0.2.1
373 silly extract hubot-slack@4.9.0
374 silly tarball trying unpipe@1.0.0 by hash: sha1-sr9O6FFKrmFltIF4KdIbLvSZBOw=
375 silly tarball trying hubot-shipit@0.2.1 by hash: sha1-T7yeFhlTv3kB/cNuKnAsExA/FrI=
376 silly tarball trying http-errors@1.7.2 by hash: sha512-uUQBt3H/cSIVfch6i1EuPNy/YsRSOUBXTVfZ+yR7Zjez3qjBz6i9+i4zjNaoqcoFVI4lQJ5plg63TvGfRSDCRg==
377 silly tarball trying inherits@2.0.3 by hash: sha1-Yzwsg+PaQqUC9SRmAiSA9CCCYd4=
378 silly tarball trying finalhandler@1.1.2 by hash: sha512-aAWcW57uxVNrQZqFXjITpW3sIUQmHGG3qSb9mUah9MgMC4NeWhNOlNjXEYq3HjRAvL6arUviZGGJsBg6z0zsWA==
379 silly tarball trying raw-body@2.4.0 by hash: sha512-4Oz8DUIwdvoa5qMJelxipzi/iJIi40O5cGV1wNYp5hvZP8ZN0T+jiNkL0QepXs+EsQ9XJ8ipEDoiH70ySUJP3Q==
380 silly tarball trying vary@1.1.2 by hash: sha1-IpnwLG3tMNSllhsLn3RSShj2NPw=
381 silly tarball trying body-parser@1.19.0 by hash: sha512-dhEPs72UPbDnAQJ9ZKMNTP6ptJaionhP5cBb541nXPlW60Jepo9RV/a4fX4XWW9CuFNK22krhrj1+rgzifNCsw==
382 silly tarball trying utils-merge@1.0.1 by hash: sha1-n5VxD1CiZ5R7LMwSR0HBAoQn5xM=
383 silly tarball trying express@4.17.1 by hash: sha512-mHJ9O79RqluphRrcw2X/GTh3k9tVv8YcoyY4Kkh4WDMUYKRZUq0h1o0w2rrrxBqM7VoeUVqgb27xlEMXTnYt4g==
384 silly tarball trying request@2.88.2 by hash: sha512-MsvtOrfG9ZcrOwAW+Qi+F6HbD0CWXEh9ou77uOb7FM2WPhwT7smM833PzanhJLsgXjN89Ir6V2PczXNnMpwKhw==
385 silly tarball trying verror@1.10.0 by hash: sha1-OhBcoXBTr1XW4nDB+CiGguGNpAA=
386 silly tarball trying async@1.0.0 by hash: sha1-+PwEyjoTeErenhZBr5hXjPvWR6k=
387 silly tarball trying jsprim@1.4.1 by hash: sha1-MT5mvB5cwG5Di8G3SZwuXFastqI=
388 silly tarball trying http-signature@1.2.0 by hash: sha1-muzZJRFHcvPZW2WmCruPfBj7rOE=
389 silly tarball trying winston@2.4.5 by hash: sha512-TWoamHt5yYvsMarGlGEQE59SbJHqGsZV8/lwC+iCcGeAe0vUaOh+Lv6SYM17ouzC/a/LB1/hz/7sxFBtlu1l4A==
390 silly tarball trying hubot-diagnostics@1.0.0 by hash: sha512-4kuR04lULoDDra/Z7B/rgMQMZW531Ve5hwhd8xNOKAl8e1cb5bZNqVpGFYF174eYcN54+RZuWQFHsntjvczyag==
391 silly tarball trying ws@1.1.5 by hash: sha512-o3KqipXNUdS7wpQzBHSe180lBGO60SoK0yVo3CYJgb2MkobuWuBX6dhkYP5ORCLd55y+SaflMOV5fqAB53ux4w==
392 silly tarball trying hubot-google-translate@0.2.1 by hash: sha1-P0lsfywgmU1ZS0t1GDiY4rYnu34=
393 silly tarball trying hubot@3.3.2 by hash: sha512-+8h/s+t5GirjuDW5K1QjTGBGzOU8ksEi51HeLdFghYOWj40x6ndhAU3C6SRPk/7yHj6luVPuVi/Y8s0P+lqM9Q==
394 silly tarball trying hubot-google-images@0.2.7 by hash: sha1-qKH5CU12gwvxkxdwiI+rDcDBGk0=
395 silly tarball trying @slack/client@3.16.1-sec.2 by hash: sha512-FAERJJAurczrvgShW+9V95NdVYgf8FdIexUqfBgNuToRrLRDRcWNf0nGyfKAvl2RH1ncppzJp3iXgMNJFnJXhQ==
396 silly tarball trying hubot-heroku-keepalive@1.0.3 by hash: sha1-KVDigJXuSmrOK3b5DiqRupHmgTw=
397 silly tarball trying hubot-help@1.0.1 by hash: sha512-1gL7ywROwQG6Grom68Bhi8O7YHn/qEkg3tGgap+tFejZGxVnFyJ/LcStBScW/zUj4yf0GlDaExR/vsaTjzBRsA==
398 silly tarball trying hubot-rules@1.0.0 by hash: sha512-IXeTYp6aK25Hgio8ezYr9vruLt1dICL9+kImaXefbfanSjNiNDvltNZfwANqeBx4Zm92A6yi36XxbWR5ZS5kNg==
399 silly tarball trying hubot-redis-brain@1.0.0 by hash: sha512-F3udeIfYZ+49ezeWKQgcI41PblsyRnHvAWrqjJV/HGApPCxX1P0cPiNna3B/ml6V5EOOZLsVeelukwtxDhh09A==
400 silly tarball trying hubot-pugme@0.1.1 by hash: sha1-u/O5k4MVFsgU9WnPDwUxP7mjFFg=
401 silly tarball trying hubot-scripts@2.17.2 by hash: sha1-mwjpB9XPq6cteDIEBnp4zp3zriQ=
402 silly tarball trying hubot-maps@0.0.3 by hash: sha1-yPxbA0h1TmJhbVuZsr85BMXuWDw=
403 silly tarball trying hubot-slack@4.9.0 by hash: sha512-liNHxyii/XZe2ypXP8IEPas5paJwVVRVZYMcVy3cHlIYzRaY+99ayBptEI+KWfqzhzxnLGV2aGjHUjolBsl0iA==
404 silly extract unpipe@1.0.0 extracted to /home/shufflehubot/node_modules/.staging/unpipe-b4143c7f (260ms)
405 silly extract inherits@2.0.3 extracted to /home/shufflehubot/node_modules/.staging/inherits-ad9e0009 (273ms)
406 silly extract finalhandler@1.1.2 extracted to /home/shufflehubot/node_modules/.staging/finalhandler-6fc2ce26 (274ms)
407 silly extract vary@1.1.2 extracted to /home/shufflehubot/node_modules/.staging/vary-6eec0c9b (275ms)
408 silly extract utils-merge@1.0.1 extracted to /home/shufflehubot/node_modules/.staging/utils-merge-73b8cebc (276ms)
409 silly extract hubot-help@1.0.1 extracted to /home/shufflehubot/node_modules/.staging/hubot-help-e3da3f97 (278ms)
410 silly extract http-errors@1.7.2 extracted to /home/shufflehubot/node_modules/.staging/http-errors-b64a6fe3 (287ms)
411 silly extract raw-body@2.4.0 extracted to /home/shufflehubot/node_modules/.staging/raw-body-9753a941 (319ms)
412 silly extract jsprim@1.4.1 extracted to /home/shufflehubot/node_modules/.staging/jsprim-795404ba (321ms)
413 silly extract hubot-maps@0.0.3 extracted to /home/shufflehubot/node_modules/.staging/hubot-maps-c084b354 (323ms)
414 timing audit submit Completed in 373ms
415 http fetch POST 200 https://registry.npmjs.org/-/npm/v1/security/audits/quick 374ms
416 timing audit body Completed in 1ms
417 silly extract hubot-rules@1.0.0 extracted to /home/shufflehubot/node_modules/.staging/hubot-rules-b2eae485 (342ms)
418 silly extract verror@1.10.0 extracted to /home/shufflehubot/node_modules/.staging/verror-4a288433 (350ms)
419 silly extract hubot-shipit@0.2.1 extracted to /home/shufflehubot/node_modules/.staging/hubot-shipit-e904b885 (351ms)
420 silly extract hubot-diagnostics@1.0.0 extracted to /home/shufflehubot/node_modules/.staging/hubot-diagnostics-172b5dbf (356ms)
421 silly extract hubot-redis-brain@1.0.0 extracted to /home/shufflehubot/node_modules/.staging/hubot-redis-brain-2d69ef1c (362ms)
422 silly extract hubot-pugme@0.1.1 extracted to /home/shufflehubot/node_modules/.staging/hubot-pugme-081c65f3 (370ms)
423 silly extract hubot-google-translate@0.2.1 extracted to /home/shufflehubot/node_modules/.staging/hubot-google-translate-dff34fb9 (372ms)
424 silly extract hubot-google-images@0.2.7 extracted to /home/shufflehubot/node_modules/.staging/hubot-google-images-7cc8f42a (377ms)
425 silly extract hubot-heroku-keepalive@1.0.3 extracted to /home/shufflehubot/node_modules/.staging/hubot-heroku-keepalive-60d712b6 (387ms)
426 silly extract body-parser@1.19.0 extracted to /home/shufflehubot/node_modules/.staging/body-parser-799915f4 (396ms)
427 silly extract http-signature@1.2.0 extracted to /home/shufflehubot/node_modules/.staging/http-signature-79c85018 (399ms)
428 silly extract async@1.0.0 extracted to /home/shufflehubot/node_modules/.staging/async-33482568 (399ms)
429 silly extract ws@1.1.5 extracted to /home/shufflehubot/node_modules/.staging/ws-29a8f280 (442ms)
430 silly extract request@2.88.2 extracted to /home/shufflehubot/node_modules/.staging/request-29e7e84a (460ms)
431 silly extract express@4.17.1 extracted to /home/shufflehubot/node_modules/.staging/express-2da06092 (462ms)
432 silly extract winston@2.4.5 extracted to /home/shufflehubot/node_modules/.staging/winston-7eeb0b25 (559ms)
433 silly extract hubot@3.3.2 extracted to /home/shufflehubot/node_modules/.staging/hubot-68209d07 (646ms)
434 silly extract hubot-slack@4.9.0 extracted to /home/shufflehubot/node_modules/.staging/hubot-slack-1e5f9770 (662ms)
435 silly extract @slack/client@3.16.1-sec.2 extracted to /home/shufflehubot/node_modules/.staging/@slack/client-214bee40 (1006ms)
436 silly extract hubot-scripts@2.17.2 extracted to /home/shufflehubot/node_modules/.staging/hubot-scripts-5961654e (1273ms)
437 timing action:extract Completed in 1281ms
438 silly doReverseSerial unbuild 282
439 silly unbuild hubot-slack
440 info lifecycle undefined~preuninstall: undefined
441 info lifecycle undefined~uninstall: undefined
442 verbose unbuild rmStuff undefined from /home/shufflehubot/node_modules
443 info lifecycle undefined~postuninstall: undefined
444 silly unbuild hubot-shipit
445 info lifecycle undefined~preuninstall: undefined
446 info lifecycle undefined~uninstall: undefined
447 verbose unbuild rmStuff undefined from /home/shufflehubot/node_modules
448 info lifecycle undefined~postuninstall: undefined
449 silly unbuild hubot-scripts
450 info lifecycle undefined~preuninstall: undefined
451 info lifecycle undefined~uninstall: undefined
452 verbose unbuild rmStuff undefined from /home/shufflehubot/node_modules
453 info lifecycle undefined~postuninstall: undefined
454 silly unbuild hubot-rules
455 info lifecycle undefined~preuninstall: undefined
456 info lifecycle undefined~uninstall: undefined
457 verbose unbuild rmStuff undefined from /home/shufflehubot/node_modules
458 info lifecycle undefined~postuninstall: undefined
459 silly unbuild hubot-redis-brain
460 info lifecycle undefined~preuninstall: undefined
461 info lifecycle undefined~uninstall: undefined
462 verbose unbuild rmStuff undefined from /home/shufflehubot/node_modules
463 info lifecycle undefined~postuninstall: undefined
464 silly unbuild hubot-pugme
465 info lifecycle undefined~preuninstall: undefined
466 info lifecycle undefined~uninstall: undefined
467 verbose unbuild rmStuff undefined from /home/shufflehubot/node_modules
468 info lifecycle undefined~postuninstall: undefined
469 silly unbuild hubot-maps
470 info lifecycle undefined~preuninstall: undefined
471 info lifecycle undefined~uninstall: undefined
472 verbose unbuild rmStuff undefined from /home/shufflehubot/node_modules
473 info lifecycle undefined~postuninstall: undefined
474 silly unbuild hubot-heroku-keepalive
475 info lifecycle undefined~preuninstall: undefined
476 info lifecycle undefined~uninstall: undefined
477 verbose unbuild rmStuff undefined from /home/shufflehubot/node_modules
478 info lifecycle undefined~postuninstall: undefined
479 silly unbuild hubot-help
480 info lifecycle undefined~preuninstall: undefined
481 info lifecycle undefined~uninstall: undefined
482 verbose unbuild rmStuff undefined from /home/shufflehubot/node_modules
483 info lifecycle undefined~postuninstall: undefined
484 silly unbuild hubot-google-translate
485 info lifecycle undefined~preuninstall: undefined
486 info lifecycle undefined~uninstall: undefined
487 verbose unbuild rmStuff undefined from /home/shufflehubot/node_modules
488 info lifecycle undefined~postuninstall: undefined
489 silly unbuild hubot-google-images
490 info lifecycle undefined~preuninstall: undefined
491 info lifecycle undefined~uninstall: undefined
492 verbose unbuild rmStuff undefined from /home/shufflehubot/node_modules
493 info lifecycle undefined~postuninstall: undefined
494 silly unbuild hubot-diagnostics
495 info lifecycle undefined~preuninstall: undefined
496 info lifecycle undefined~uninstall: undefined
497 verbose unbuild rmStuff undefined from /home/shufflehubot/node_modules
498 info lifecycle undefined~postuninstall: undefined
499 silly unbuild hubot
500 info lifecycle undefined~preuninstall: undefined
501 info lifecycle undefined~uninstall: undefined
502 verbose unbuild rmStuff undefined from /home/shufflehubot/node_modules
503 info lifecycle undefined~postuninstall: undefined
504 silly unbuild @slack/client
505 info lifecycle undefined~preuninstall: undefined
506 info lifecycle undefined~uninstall: undefined
507 verbose unbuild rmStuff undefined from /home/shufflehubot/node_modules
508 info lifecycle undefined~postuninstall: undefined
509 silly unbuild request
510 info lifecycle undefined~preuninstall: undefined
511 info lifecycle undefined~uninstall: undefined
512 verbose unbuild rmStuff undefined from /home/shufflehubot/node_modules
513 info lifecycle undefined~postuninstall: undefined
514 silly unbuild http-signature
515 info lifecycle undefined~preuninstall: undefined
516 info lifecycle undefined~uninstall: undefined
517 verbose unbuild rmStuff undefined from /home/shufflehubot/node_modules
518 info lifecycle undefined~postuninstall: undefined
519 silly unbuild body-parser
520 info lifecycle undefined~preuninstall: undefined
521 info lifecycle undefined~uninstall: undefined
522 verbose unbuild rmStuff undefined from /home/shufflehubot/node_modules
523 info lifecycle undefined~postuninstall: undefined
524 silly unbuild raw-body
525 info lifecycle undefined~preuninstall: undefined
526 info lifecycle undefined~uninstall: undefined
527 verbose unbuild rmStuff undefined from /home/shufflehubot/node_modules
528 info lifecycle undefined~postuninstall: undefined
529 timing action:unbuild Completed in 7ms
530 silly doSerial remove 282
531 silly remove /home/shufflehubot/node_modules/raw-body
532 silly remove /home/shufflehubot/node_modules/body-parser
533 silly remove /home/shufflehubot/node_modules/http-signature
534 silly remove /home/shufflehubot/node_modules/request
535 silly remove /home/shufflehubot/node_modules/@slack/client
536 silly remove /home/shufflehubot/node_modules/hubot
537 silly remove /home/shufflehubot/node_modules/hubot-diagnostics
538 silly remove /home/shufflehubot/node_modules/hubot-google-images
539 silly remove /home/shufflehubot/node_modules/hubot-google-translate
540 silly remove /home/shufflehubot/node_modules/hubot-help
541 silly remove /home/shufflehubot/node_modules/hubot-heroku-keepalive
542 silly remove /home/shufflehubot/node_modules/hubot-maps
543 silly remove /home/shufflehubot/node_modules/hubot-pugme
544 silly remove /home/shufflehubot/node_modules/hubot-redis-brain
545 silly remove /home/shufflehubot/node_modules/hubot-rules
546 silly remove /home/shufflehubot/node_modules/hubot-scripts
547 silly remove /home/shufflehubot/node_modules/hubot-shipit
548 silly remove /home/shufflehubot/node_modules/hubot-slack
549 timing action:remove Completed in 387ms
550 silly doSerial move 282
551 silly doSerial finalize 282
552 silly finalize /home/shufflehubot/node_modules/raw-body/node_modules/inherits
553 silly finalize /home/shufflehubot/node_modules/raw-body/node_modules/http-errors
554 silly finalize /home/shufflehubot/node_modules/unpipe
555 silly finalize /home/shufflehubot/node_modules/finalhandler
556 silly finalize /home/shufflehubot/node_modules/raw-body
557 silly finalize /home/shufflehubot/node_modules/body-parser
558 silly finalize /home/shufflehubot/node_modules/utils-merge
559 silly finalize /home/shufflehubot/node_modules/vary
560 silly finalize /home/shufflehubot/node_modules/hubot/node_modules/express
561 silly finalize /home/shufflehubot/node_modules/verror
562 silly finalize /home/shufflehubot/node_modules/jsprim
563 silly finalize /home/shufflehubot/node_modules/http-signature
564 silly finalize /home/shufflehubot/node_modules/request
565 silly finalize /home/shufflehubot/node_modules/winston/node_modules/async
566 silly finalize /home/shufflehubot/node_modules/winston
567 silly finalize /home/shufflehubot/node_modules/ws
568 silly finalize /home/shufflehubot/node_modules/@slack/client
569 silly finalize /home/shufflehubot/node_modules/hubot
570 silly finalize /home/shufflehubot/node_modules/hubot-diagnostics
571 silly finalize /home/shufflehubot/node_modules/hubot-google-images
572 silly finalize /home/shufflehubot/node_modules/hubot-google-translate
573 silly finalize /home/shufflehubot/node_modules/hubot-help
574 silly finalize /home/shufflehubot/node_modules/hubot-heroku-keepalive
575 silly finalize /home/shufflehubot/node_modules/hubot-maps
576 silly finalize /home/shufflehubot/node_modules/hubot-pugme
577 silly finalize /home/shufflehubot/node_modules/hubot-redis-brain
578 silly finalize /home/shufflehubot/node_modules/hubot-rules
579 silly finalize /home/shufflehubot/node_modules/hubot-scripts
580 timing action:finalize Completed in 615ms
581 verbose unlock done using /home/shufflehubot/.npm/_locks/staging-d559f62f37b9e887.lock for /home/shufflehubot/node_modules/.staging
582 timing stage:rollbackFailedOptional Completed in 87ms
583 timing stage:runTopLevelLifecycles Completed in 3955ms
584 silly saveTree shufflehubot@0.0.0
584 silly saveTree ├── hubot-diagnostics@1.0.0
584 silly saveTree ├── hubot-google-images@0.2.7
584 silly saveTree ├── hubot-google-translate@0.2.1
584 silly saveTree ├── hubot-help@1.0.1
584 silly saveTree ├── hubot-heroku-keepalive@1.0.3
584 silly saveTree ├── hubot-maps@0.0.3
584 silly saveTree ├── hubot-pugme@0.1.1
584 silly saveTree ├─┬ hubot-redis-brain@1.0.0
584 silly saveTree │ └─┬ redis@2.8.0
584 silly saveTree │   ├── double-ended-queue@2.1.0-0
584 silly saveTree │   ├── redis-commands@1.7.0
584 silly saveTree │   └── redis-parser@2.6.0
584 silly saveTree ├── hubot-rules@1.0.0
584 silly saveTree ├─┬ hubot-scripts@2.17.2
584 silly saveTree │ └── redis@0.8.4
584 silly saveTree ├── hubot-shipit@0.2.1
584 silly saveTree ├─┬ hubot-slack@4.9.0
584 silly saveTree │ ├─┬ @slack/client@3.16.1-sec.2
584 silly saveTree │ │ ├── async@1.5.2
584 silly saveTree │ │ ├── bluebird@3.7.2
584 silly saveTree │ │ ├── eventemitter3@1.2.0
584 silly saveTree │ │ ├─┬ https-proxy-agent@2.2.4
584 silly saveTree │ │ │ ├─┬ agent-base@4.3.0
584 silly saveTree │ │ │ │ └─┬ es6-promisify@5.0.0
584 silly saveTree │ │ │ │   └── es6-promise@4.2.8
584 silly saveTree │ │ │ └─┬ debug@3.2.7
584 silly saveTree │ │ │   └── ms@2.1.3
584 silly saveTree │ │ ├── inherits@2.0.4
584 silly saveTree │ │ ├── lodash@4.17.21
584 silly saveTree │ │ ├── pkginfo@0.4.1
584 silly saveTree │ │ ├─┬ request@2.88.2
584 silly saveTree │ │ │ ├── aws-sign2@0.7.0
584 silly saveTree │ │ │ ├── aws4@1.11.0
584 silly saveTree │ │ │ ├── caseless@0.12.0
584 silly saveTree │ │ │ ├─┬ combined-stream@1.0.8
584 silly saveTree │ │ │ │ └── delayed-stream@1.0.0
584 silly saveTree │ │ │ ├── extend@3.0.2
584 silly saveTree │ │ │ ├── forever-agent@0.6.1
584 silly saveTree │ │ │ ├─┬ form-data@2.3.3
584 silly saveTree │ │ │ │ ├── asynckit@0.4.0
584 silly saveTree │ │ │ │ └─┬ mime-types@2.1.32
584 silly saveTree │ │ │ │   └── mime-db@1.49.0
584 silly saveTree │ │ │ ├─┬ har-validator@5.1.5
584 silly saveTree │ │ │ │ ├─┬ ajv@6.12.6
584 silly saveTree │ │ │ │ │ ├── fast-deep-equal@3.1.3
584 silly saveTree │ │ │ │ │ ├── fast-json-stable-stringify@2.1.0
584 silly saveTree │ │ │ │ │ ├── json-schema-traverse@0.4.1
584 silly saveTree │ │ │ │ │ └─┬ uri-js@4.4.1
584 silly saveTree │ │ │ │ │   └── punycode@2.1.1
584 silly saveTree │ │ │ │ └── har-schema@2.0.0
584 silly saveTree │ │ │ ├─┬ http-signature@1.2.0
584 silly saveTree │ │ │ │ ├── assert-plus@1.0.0
584 silly saveTree │ │ │ │ ├─┬ jsprim@1.4.1
584 silly saveTree │ │ │ │ │ ├── extsprintf@1.3.0
584 silly saveTree │ │ │ │ │ ├── json-schema@0.2.3
584 silly saveTree │ │ │ │ │ └─┬ verror@1.10.0
584 silly saveTree │ │ │ │ │   └── core-util-is@1.0.2
584 silly saveTree │ │ │ │ └─┬ sshpk@1.16.1
584 silly saveTree │ │ │ │   ├─┬ asn1@0.2.4
584 silly saveTree │ │ │ │   │ └── safer-buffer@2.1.2
584 silly saveTree │ │ │ │   ├─┬ bcrypt-pbkdf@1.0.2
584 silly saveTree │ │ │ │   │ └── tweetnacl@0.14.5
584 silly saveTree │ │ │ │   ├── dashdash@1.14.1
584 silly saveTree │ │ │ │   ├─┬ ecc-jsbn@0.1.2
584 silly saveTree │ │ │ │   │ └── jsbn@0.1.1
584 silly saveTree │ │ │ │   ├── getpass@0.1.7
584 silly saveTree │ │ │ │   ├── jsbn@0.1.1
584 silly saveTree │ │ │ │   ├── safer-buffer@2.1.2
584 silly saveTree │ │ │ │   └── tweetnacl@0.14.5
584 silly saveTree │ │ │ ├── is-typedarray@1.0.0
584 silly saveTree │ │ │ ├── isstream@0.1.2
584 silly saveTree │ │ │ ├── json-stringify-safe@5.0.1
584 silly saveTree │ │ │ ├── mime-types@2.1.32
584 silly saveTree │ │ │ ├── oauth-sign@0.9.0
584 silly saveTree │ │ │ ├── performance-now@2.1.0
584 silly saveTree │ │ │ ├── qs@6.5.2
584 silly saveTree │ │ │ ├── safe-buffer@5.2.1
584 silly saveTree │ │ │ ├─┬ tough-cookie@2.5.0
584 silly saveTree │ │ │ │ └── psl@1.8.0
584 silly saveTree │ │ │ ├── tunnel-agent@0.6.0
584 silly saveTree │ │ │ └── uuid@3.4.0
584 silly saveTree │ │ ├── retry@0.9.0
584 silly saveTree │ │ ├── url-join@0.0.1
584 silly saveTree │ │ ├─┬ winston@2.4.5
584 silly saveTree │ │ │ ├── async@1.0.0
584 silly saveTree │ │ │ ├── colors@1.0.3
584 silly saveTree │ │ │ ├── cycle@1.0.3
584 silly saveTree │ │ │ ├── eyes@0.1.8
584 silly saveTree │ │ │ └── stack-trace@0.0.10
584 silly saveTree │ │ └─┬ ws@1.1.5
584 silly saveTree │ │   ├── options@0.0.6
584 silly saveTree │ │   └── ultron@1.0.2
584 silly saveTree │ ├── bluebird@3.7.2
584 silly saveTree │ └── lodash@4.17.21
584 silly saveTree ├─┬ hubot@3.3.2
584 silly saveTree │ ├── async@0.9.2
584 silly saveTree │ ├─┬ chalk@1.1.3
584 silly saveTree │ │ ├── ansi-styles@2.2.1
584 silly saveTree │ │ ├── escape-string-regexp@1.0.5
584 silly saveTree │ │ ├─┬ has-ansi@2.0.0
584 silly saveTree │ │ │ └── ansi-regex@2.1.1
584 silly saveTree │ │ ├── strip-ansi@3.0.1
584 silly saveTree │ │ └── supports-color@2.0.0
584 silly saveTree │ ├── cline@0.8.2
584 silly saveTree │ ├── coffeescript@1.6.3
584 silly saveTree │ ├─┬ connect-multiparty@2.2.0
584 silly saveTree │ │ ├─┬ http-errors@1.7.3
584 silly saveTree │ │ │ ├── depd@1.1.2
584 silly saveTree │ │ │ ├── setprototypeof@1.1.1
584 silly saveTree │ │ │ ├── statuses@1.5.0
584 silly saveTree │ │ │ └── toidentifier@1.0.0
584 silly saveTree │ │ ├─┬ multiparty@4.2.2
584 silly saveTree │ │ │ ├─┬ http-errors@1.8.0
584 silly saveTree │ │ │ │ └── setprototypeof@1.2.0
584 silly saveTree │ │ │ └─┬ uid-safe@2.1.5
584 silly saveTree │ │ │   └── random-bytes@1.0.0
584 silly saveTree │ │ ├─┬ on-finished@2.3.0
584 silly saveTree │ │ │ └── ee-first@1.1.1
584 silly saveTree │ │ └─┬ type-is@1.6.18
584 silly saveTree │ │   └── media-typer@0.3.0
584 silly saveTree │ ├─┬ express@4.17.1
584 silly saveTree │ │ ├─┬ accepts@1.3.7
584 silly saveTree │ │ │ └── negotiator@0.6.2
584 silly saveTree │ │ ├── array-flatten@1.1.1
584 silly saveTree │ │ ├─┬ body-parser@1.19.0
584 silly saveTree │ │ │ ├── bytes@3.1.0
584 silly saveTree │ │ │ ├── content-type@1.0.4
584 silly saveTree │ │ │ ├─┬ debug@2.6.9
584 silly saveTree │ │ │ │ └── ms@2.0.0
584 silly saveTree │ │ │ ├─┬ http-errors@1.7.2
584 silly saveTree │ │ │ │ └── inherits@2.0.3
584 silly saveTree │ │ │ ├── iconv-lite@0.4.24
584 silly saveTree │ │ │ ├── qs@6.7.0
584 silly saveTree │ │ │ └─┬ raw-body@2.4.0
584 silly saveTree │ │ │   ├─┬ http-errors@1.7.2
584 silly saveTree │ │ │   │ └── inherits@2.0.3
584 silly saveTree │ │ │   └── unpipe@1.0.0
584 silly saveTree │ │ ├─┬ content-disposition@0.5.3
584 silly saveTree │ │ │ └── safe-buffer@5.1.2
584 silly saveTree │ │ ├── content-type@1.0.4
584 silly saveTree │ │ ├── cookie-signature@1.0.6
584 silly saveTree │ │ ├── cookie@0.4.0
584 silly saveTree │ │ ├── debug@2.6.9
584 silly saveTree │ │ ├── encodeurl@1.0.2
584 silly saveTree │ │ ├── escape-html@1.0.3
584 silly saveTree │ │ ├── etag@1.8.1
584 silly saveTree │ │ ├─┬ finalhandler@1.1.2
584 silly saveTree │ │ │ └── parseurl@1.3.3
584 silly saveTree │ │ ├── fresh@0.5.2
584 silly saveTree │ │ ├── merge-descriptors@1.0.1
584 silly saveTree │ │ ├── methods@1.1.2
584 silly saveTree │ │ ├── parseurl@1.3.3
584 silly saveTree │ │ ├── path-to-regexp@0.1.7
584 silly saveTree │ │ ├─┬ proxy-addr@2.0.7
584 silly saveTree │ │ │ ├── forwarded@0.2.0
584 silly saveTree │ │ │ └── ipaddr.js@1.9.1
584 silly saveTree │ │ ├── qs@6.7.0
584 silly saveTree │ │ ├── range-parser@1.2.1
584 silly saveTree │ │ ├── safe-buffer@5.1.2
584 silly saveTree │ │ ├─┬ send@0.17.1
584 silly saveTree │ │ │ ├── destroy@1.0.4
584 silly saveTree │ │ │ ├── mime@1.6.0
584 silly saveTree │ │ │ └── ms@2.1.1
584 silly saveTree │ │ ├── serve-static@1.14.1
584 silly saveTree │ │ ├── utils-merge@1.0.1
584 silly saveTree │ │ └── vary@1.1.2
584 silly saveTree │ ├── log@1.4.0
584 silly saveTree │ ├── optparse@1.0.4
584 silly saveTree │ └── scoped-http-client@0.11.0
584 silly saveTree └── shuffleApp@file:shuffleApp
585 verbose stack Error: EACCES: permission denied, rename '/home/shufflehubot/node_modules/.staging/hubot-scripts-5961654e' -> '/home/shufflehubot/node_modules/hubot-scripts'
586 verbose cwd /home/shufflehubot
587 verbose Linux 5.4.72-microsoft-standard-WSL2
588 verbose argv "/usr/local/bin/node" "/usr/local/bin/npm" "install"
589 verbose node v14.15.4
590 verbose npm  v6.14.10
591 error code EACCES
592 error syscall rename
593 error path /home/shufflehubot/node_modules/.staging/hubot-scripts-5961654e
594 error dest /home/shufflehubot/node_modules/hubot-scripts
595 error errno -13
596 error Error: EACCES: permission denied, rename '/home/shufflehubot/node_modules/.staging/hubot-scripts-5961654e' -> '/home/shufflehubot/node_modules/hubot-scripts'
596 error  [OperationalError: EACCES: permission denied, rename '/home/shufflehubot/node_modules/.staging/hubot-scripts-5961654e' -> '/home/shufflehubot/node_modules/hubot-scripts'] {
596 error   cause: [Error: EACCES: permission denied, rename '/home/shufflehubot/node_modules/.staging/hubot-scripts-5961654e' -> '/home/shufflehubot/node_modules/hubot-scripts'] {
596 error     errno: -13,
596 error     code: 'EACCES',
596 error     syscall: 'rename',
596 error     path: '/home/shufflehubot/node_modules/.staging/hubot-scripts-5961654e',
596 error     dest: '/home/shufflehubot/node_modules/hubot-scripts'
596 error   },
596 error   errno: -13,
596 error   code: 'EACCES',
596 error   syscall: 'rename',
596 error   path: '/home/shufflehubot/node_modules/.staging/hubot-scripts-5961654e',
596 error   dest: '/home/shufflehubot/node_modules/hubot-scripts',
596 error   parent: 'shufflehubot'
596 error }
597 error The operation was rejected by your operating system.
597 error It is likely you do not have the permissions to access this file as the current user
597 error
597 error If you believe this might be a permissions issue, please double-check the
597 error permissions of the file and its containing directories, or try running
597 error the command again as root/Administrator.
598 verbose exit [ -13, true ]
